<?xml version="1.0" encoding="UTF-8"?>
<testsuite xmlns:xsi="http://www.w3.org/2001/XMLSchema-instance" xsi:noNamespaceSchemaLocation="https://maven.apache.org/surefire/maven-surefire-plugin/xsd/surefire-test-report-3.0.xsd" version="3.0" name="org.example.ordermanagement_jooq.OrderManagementJOoqApplicationTests" time="10.591" tests="1" errors="0" skipped="0" failures="0">
  <properties>
[...]
</properties>
  <testcase name="contextLoads" classname="org.example.ordermanagement_jooq.OrderManagementJOoqApplicationTests" time="1.069">
    <system-out><![CDATA[10:00:09.491 [main] INFO org.springframework.test.context.support.AnnotationConfigContextLoaderUtils -- Could not detect default configuration classes for test class [org.example.ordermanagement_jooq.OrderManagementJOoqApplicationTests]: OrderManagementJOoqApplicationTests does not declare any static, non-private, non-final, nested classes annotated with @Configuration.
10:00:09.662 [main] INFO org.springframework.boot.test.context.SpringBootTestContextBootstrapper -- Found @SpringBootConfiguration org.example.ordermanagement_jooq.OrderManagementJOoqApplication for test class org.example.ordermanagement_jooq.OrderManagementJOoqApplicationTests

  .   ____          _            __ _ _
 /\\ / ___'_ __ _ _(_)_ __  __ _ \ \ \ \
( ( )\___ | '_ | '_| | '_ \/ _` | \ \ \ \
 \\/  ___)| |_)| | | | | || (_| |  ) ) ) )
  '  |____| .__|_| |_|_| |_\__, | / / / /
 =========|_|==============|___/=/_/_/_/

 :: Spring Boot ::                (v3.3.3)

2025-01-15T10:00:10.310+07:00 DEBUG 7884 --- [OrderManagement_jOOQ] [kground-preinit] org.jboss.logging                        : Logging Provider: org.jboss.logging.Slf4jLoggerProvider found via system property
2025-01-15T10:00:10.327+07:00 DEBUG 7884 --- [OrderManagement_jOOQ] [kground-preinit] o.h.v.i.xml.config.ValidationXmlParser   : Trying to load META-INF/validation.xml for XML based Validator configuration.
2025-01-15T10:00:10.327+07:00 DEBUG 7884 --- [OrderManagement_jOOQ] [kground-preinit] o.h.v.i.xml.config.ResourceLoaderHelper  : Trying to load META-INF/validation.xml via TCCL
2025-01-15T10:00:10.328+07:00 DEBUG 7884 --- [OrderManagement_jOOQ] [kground-preinit] o.h.v.i.xml.config.ResourceLoaderHelper  : Trying to load META-INF/validation.xml via Hibernate Validator's class loader
2025-01-15T10:00:10.329+07:00 DEBUG 7884 --- [OrderManagement_jOOQ] [kground-preinit] o.h.v.i.xml.config.ValidationXmlParser   : No META-INF/validation.xml found. Using annotation based configuration only.
2025-01-15T10:00:10.359+07:00 DEBUG 7884 --- [OrderManagement_jOOQ] [kground-preinit] o.h.v.i.e.resolver.TraversableResolvers  : Found jakarta.persistence.Persistence on classpath containing 'getPersistenceUtil'. Assuming JPA 2 environment. Trying to instantiate JPA aware TraversableResolver
2025-01-15T10:00:10.360+07:00 DEBUG 7884 --- [OrderManagement_jOOQ] [kground-preinit] o.h.v.i.e.resolver.TraversableResolvers  : Instantiated JPA aware TraversableResolver of type org.hibernate.validator.internal.engine.resolver.JPATraversableResolver.
2025-01-15T10:00:10.364+07:00  INFO 7884 --- [OrderManagement_jOOQ] [           main] .e.o.OrderManagementJOoqApplicationTests : Starting OrderManagementJOoqApplicationTests using Java 21.0.1 with PID 7884 (started by DangTinh in F:\MH_SOLUTION\OrderManagement_jOOQ)
2025-01-15T10:00:10.365+07:00 DEBUG 7884 --- [OrderManagement_jOOQ] [           main] .e.o.OrderManagementJOoqApplicationTests : Running with Spring Boot v3.3.3, Spring v6.1.12
2025-01-15T10:00:10.366+07:00  INFO 7884 --- [OrderManagement_jOOQ] [           main] .e.o.OrderManagementJOoqApplicationTests : No active profile set, falling back to 1 default profile: "default"
2025-01-15T10:00:10.367+07:00 DEBUG 7884 --- [OrderManagement_jOOQ] [           main] o.s.boot.SpringApplication               : Loading source class org.example.ordermanagement_jooq.OrderManagementJOoqApplication
2025-01-15T10:00:10.396+07:00 DEBUG 7884 --- [OrderManagement_jOOQ] [kground-preinit] .h.v.m.ResourceBundleMessageInterpolator : Loaded expression factory via original TCCL
2025-01-15T10:00:10.414+07:00 DEBUG 7884 --- [OrderManagement_jOOQ] [           main] o.s.w.c.s.GenericWebApplicationContext   : Refreshing org.springframework.web.context.support.GenericWebApplicationContext@3a80515c
2025-01-15T10:00:10.443+07:00 DEBUG 7884 --- [OrderManagement_jOOQ] [           main] o.s.b.f.s.DefaultListableBeanFactory     : Creating shared instance of singleton bean 'org.springframework.context.annotation.internalConfigurationAnnotationProcessor'
2025-01-15T10:00:10.462+07:00 DEBUG 7884 --- [OrderManagement_jOOQ] [           main] o.s.b.f.s.DefaultListableBeanFactory     : Creating shared instance of singleton bean 'org.springframework.boot.autoconfigure.internalCachingMetadataReaderFactory'
2025-01-15T10:00:10.518+07:00 DEBUG 7884 --- [OrderManagement_jOOQ] [           main] o.s.c.a.ClassPathBeanDefinitionScanner   : Identified candidate component class: file [F:\MH_SOLUTION\OrderManagement_jOOQ\target\classes\org\example\ordermanagement_jooq\config\CustomJwtDecoder.class]
2025-01-15T10:00:10.521+07:00 DEBUG 7884 --- [OrderManagement_jOOQ] [           main] o.s.c.a.ClassPathBeanDefinitionScanner   : Identified candidate component class: file [F:\MH_SOLUTION\OrderManagement_jOOQ\target\classes\org\example\ordermanagement_jooq\config\JOOQConfig.class]
2025-01-15T10:00:10.531+07:00 DEBUG 7884 --- [OrderManagement_jOOQ] [           main] o.s.c.a.ClassPathBeanDefinitionScanner   : Identified candidate component class: file [F:\MH_SOLUTION\OrderManagement_jOOQ\target\classes\org\example\ordermanagement_jooq\config\SecurityConfig.class]
2025-01-15T10:00:10.543+07:00 DEBUG 7884 --- [OrderManagement_jOOQ] [kground-preinit] .i.e.ValidatorFactoryConfigurationHelper : HV000252: Using org.hibernate.validator.internal.engine.DefaultPropertyNodeNameProvider as property node name provider.
2025-01-15T10:00:10.551+07:00 DEBUG 7884 --- [OrderManagement_jOOQ] [           main] o.s.c.a.ClassPathBeanDefinitionScanner   : Identified candidate component class: file [F:\MH_SOLUTION\OrderManagement_jOOQ\target\classes\org\example\ordermanagement_jooq\controller\AuthController.class]
2025-01-15T10:00:10.552+07:00 DEBUG 7884 --- [OrderManagement_jOOQ] [kground-preinit] .i.e.ValidatorFactoryConfigurationHelper : HV000234: Using org.hibernate.validator.messageinterpolation.ResourceBundleMessageInterpolator as ValidatorFactory-scoped message interpolator.
2025-01-15T10:00:10.552+07:00 DEBUG 7884 --- [OrderManagement_jOOQ] [kground-preinit] .i.e.ValidatorFactoryConfigurationHelper : HV000234: Using org.hibernate.validator.internal.engine.resolver.JPATraversableResolver as ValidatorFactory-scoped traversable resolver.
2025-01-15T10:00:10.553+07:00 DEBUG 7884 --- [OrderManagement_jOOQ] [kground-preinit] .i.e.ValidatorFactoryConfigurationHelper : HV000234: Using org.hibernate.validator.internal.util.ExecutableParameterNameProvider as ValidatorFactory-scoped parameter name provider.
2025-01-15T10:00:10.553+07:00 DEBUG 7884 --- [OrderManagement_jOOQ] [kground-preinit] .i.e.ValidatorFactoryConfigurationHelper : HV000234: Using org.hibernate.validator.internal.engine.DefaultClockProvider as ValidatorFactory-scoped clock provider.
2025-01-15T10:00:10.553+07:00 DEBUG 7884 --- [OrderManagement_jOOQ] [kground-preinit] .i.e.ValidatorFactoryConfigurationHelper : HV000234: Using org.hibernate.validator.internal.engine.scripting.DefaultScriptEvaluatorFactory as ValidatorFactory-scoped script evaluator factory.
2025-01-15T10:00:10.558+07:00 DEBUG 7884 --- [OrderManagement_jOOQ] [           main] o.s.c.a.ClassPathBeanDefinitionScanner   : Identified candidate component class: file [F:\MH_SOLUTION\OrderManagement_jOOQ\target\classes\org\example\ordermanagement_jooq\controller\OrderController.class]
2025-01-15T10:00:10.559+07:00 DEBUG 7884 --- [OrderManagement_jOOQ] [           main] o.s.c.a.ClassPathBeanDefinitionScanner   : Identified candidate component class: file [F:\MH_SOLUTION\OrderManagement_jOOQ\target\classes\org\example\ordermanagement_jooq\controller\ProductController.class]
2025-01-15T10:00:10.565+07:00 DEBUG 7884 --- [OrderManagement_jOOQ] [           main] o.s.c.a.ClassPathBeanDefinitionScanner   : Identified candidate component class: file [F:\MH_SOLUTION\OrderManagement_jOOQ\target\classes\org\example\ordermanagement_jooq\data\mapper\OrderMapperImpl.class]
2025-01-15T10:00:10.567+07:00 DEBUG 7884 --- [OrderManagement_jOOQ] [           main] o.s.c.a.ClassPathBeanDefinitionScanner   : Identified candidate component class: file [F:\MH_SOLUTION\OrderManagement_jOOQ\target\classes\org\example\ordermanagement_jooq\data\mapper\OrderProductMapperImpl.class]
2025-01-15T10:00:10.569+07:00 DEBUG 7884 --- [OrderManagement_jOOQ] [           main] o.s.c.a.ClassPathBeanDefinitionScanner   : Identified candidate component class: file [F:\MH_SOLUTION\OrderManagement_jOOQ\target\classes\org\example\ordermanagement_jooq\data\mapper\ProductMapperImpl.class]
2025-01-15T10:00:10.570+07:00 DEBUG 7884 --- [OrderManagement_jOOQ] [           main] o.s.c.a.ClassPathBeanDefinitionScanner   : Identified candidate component class: file [F:\MH_SOLUTION\OrderManagement_jOOQ\target\classes\org\example\ordermanagement_jooq\data\mapper\UserMapperImpl.class]
2025-01-15T10:00:10.645+07:00 DEBUG 7884 --- [OrderManagement_jOOQ] [           main] o.s.c.a.ClassPathBeanDefinitionScanner   : Identified candidate component class: file [F:\MH_SOLUTION\OrderManagement_jOOQ\target\classes\org\example\ordermanagement_jooq\exception\GlobalExceptionHandler.class]
2025-01-15T10:00:10.649+07:00 DEBUG 7884 --- [OrderManagement_jOOQ] [           main] o.s.c.a.ClassPathBeanDefinitionScanner   : Identified candidate component class: file [F:\MH_SOLUTION\OrderManagement_jOOQ\target\classes\org\example\ordermanagement_jooq\repository\impl\BlackListTokenRepositoryImpl.class]
2025-01-15T10:00:10.650+07:00 DEBUG 7884 --- [OrderManagement_jOOQ] [           main] o.s.c.a.ClassPathBeanDefinitionScanner   : Identified candidate component class: file [F:\MH_SOLUTION\OrderManagement_jOOQ\target\classes\org\example\ordermanagement_jooq\repository\impl\OrderProductRepositoryImpl.class]
2025-01-15T10:00:10.655+07:00 DEBUG 7884 --- [OrderManagement_jOOQ] [           main] o.s.c.a.ClassPathBeanDefinitionScanner   : Identified candidate component class: file [F:\MH_SOLUTION\OrderManagement_jOOQ\target\classes\org\example\ordermanagement_jooq\repository\impl\OrderRepositoryImpl.class]
2025-01-15T10:00:10.657+07:00 DEBUG 7884 --- [OrderManagement_jOOQ] [           main] o.s.c.a.ClassPathBeanDefinitionScanner   : Identified candidate component class: file [F:\MH_SOLUTION\OrderManagement_jOOQ\target\classes\org\example\ordermanagement_jooq\repository\impl\ProductRepositoryImpl.class]
2025-01-15T10:00:10.658+07:00 DEBUG 7884 --- [OrderManagement_jOOQ] [           main] o.s.c.a.ClassPathBeanDefinitionScanner   : Identified candidate component class: file [F:\MH_SOLUTION\OrderManagement_jOOQ\target\classes\org\example\ordermanagement_jooq\repository\impl\UserRepositoryImpl.class]
2025-01-15T10:00:10.666+07:00 DEBUG 7884 --- [OrderManagement_jOOQ] [           main] o.s.c.a.ClassPathBeanDefinitionScanner   : Identified candidate component class: file [F:\MH_SOLUTION\OrderManagement_jOOQ\target\classes\org\example\ordermanagement_jooq\service\impl\AuthenticationServiceImpl.class]
2025-01-15T10:00:10.668+07:00 DEBUG 7884 --- [OrderManagement_jOOQ] [           main] o.s.c.a.ClassPathBeanDefinitionScanner   : Identified candidate component class: file [F:\MH_SOLUTION\OrderManagement_jOOQ\target\classes\org\example\ordermanagement_jooq\service\impl\AuthServiceImpl.class]
2025-01-15T10:00:10.669+07:00 DEBUG 7884 --- [OrderManagement_jOOQ] [           main] o.s.c.a.ClassPathBeanDefinitionScanner   : Identified candidate component class: file [F:\MH_SOLUTION\OrderManagement_jOOQ\target\classes\org\example\ordermanagement_jooq\service\impl\OrderProductServiceImpl.class]
2025-01-15T10:00:10.671+07:00 DEBUG 7884 --- [OrderManagement_jOOQ] [           main] o.s.c.a.ClassPathBeanDefinitionScanner   : Identified candidate component class: file [F:\MH_SOLUTION\OrderManagement_jOOQ\target\classes\org\example\ordermanagement_jooq\service\impl\OrderServiceImpl.class]
2025-01-15T10:00:11.984+07:00  INFO 7884 --- [OrderManagement_jOOQ] [           main] .s.d.r.c.RepositoryConfigurationDelegate : Bootstrapping Spring Data JPA repositories in DEFAULT mode.
2025-01-15T10:00:12.007+07:00 DEBUG 7884 --- [OrderManagement_jOOQ] [           main] o.s.b.f.s.DefaultListableBeanFactory     : Creating shared instance of singleton bean 'org.springframework.boot.autoconfigure.AutoConfigurationPackages'
2025-01-15T10:00:12.020+07:00 DEBUG 7884 --- [OrderManagement_jOOQ] [           main] o.s.b.a.AutoConfigurationPackages        : @EnableAutoConfiguration was declared on a class in the package 'org.example.ordermanagement_jooq'. Automatic @Repository and @Entity scanning is enabled.
2025-01-15T10:00:12.022+07:00 DEBUG 7884 --- [OrderManagement_jOOQ] [           main] .s.d.r.c.RepositoryConfigurationDelegate : Scanning for JPA repositories in packages org.example.ordermanagement_jooq.
2025-01-15T10:00:12.055+07:00  INFO 7884 --- [OrderManagement_jOOQ] [           main] .s.d.r.c.RepositoryConfigurationDelegate : Finished Spring Data repository scanning in 30 ms. Found 0 JPA repository interfaces.
2025-01-15T10:00:12.226+07:00 DEBUG 7884 --- [OrderManagement_jOOQ] [           main] o.s.b.f.s.DefaultListableBeanFactory     : Creating shared instance of singleton bean 'springSecurityHandlerMappingIntrospectorBeanDefinitionRegistryPostProcessor'
2025-01-15T10:00:12.429+07:00 DEBUG 7884 --- [OrderManagement_jOOQ] [           main] o.s.b.f.s.DefaultListableBeanFactory     : Creating shared instance of singleton bean 'propertySourcesPlaceholderConfigurer'
2025-01-15T10:00:12.434+07:00 DEBUG 7884 --- [OrderManagement_jOOQ] [           main] o.s.b.f.s.DefaultListableBeanFactory     : Creating shared instance of singleton bean 'org.springframework.boot.test.mock.mockito.MockitoPostProcessor'
2025-01-15T10:00:12.438+07:00 DEBUG 7884 --- [OrderManagement_jOOQ] [           main] o.s.b.f.s.DefaultListableBeanFactory     : Creating shared instance of singleton bean 'emBeanDefinitionRegistrarPostProcessor'
2025-01-15T10:00:12.438+07:00 DEBUG 7884 --- [OrderManagement_jOOQ] [           main] o.s.b.f.s.DefaultListableBeanFactory     : Creating shared instance of singleton bean 'org.springframework.boot.sql.init.dependency.DatabaseInitializationDependencyConfigurer$DependsOnDatabaseInitializationPostProcessor'
2025-01-15T10:00:12.539+07:00 DEBUG 7884 --- [OrderManagement_jOOQ] [           main] o.s.b.f.s.DefaultListableBeanFactory     : Creating shared instance of singleton bean 'org.springframework.context.event.internalEventListenerProcessor'
2025-01-15T10:00:12.541+07:00 DEBUG 7884 --- [OrderManagement_jOOQ] [           main] o.s.b.f.s.DefaultListableBeanFactory     : Creating shared instance of singleton bean 'conversionServicePostProcessor'
2025-01-15T10:00:12.552+07:00 DEBUG 7884 --- [OrderManagement_jOOQ] [           main] o.s.b.f.s.DefaultListableBeanFactory     : Creating shared instance of singleton bean 'preserveErrorControllerTargetClassPostProcessor'
2025-01-15T10:00:12.554+07:00 DEBUG 7884 --- [OrderManagement_jOOQ] [           main] o.s.b.f.s.DefaultListableBeanFactory     : Creating shared instance of singleton bean 'org.springframework.context.event.internalEventListenerFactory'
2025-01-15T10:00:12.555+07:00 DEBUG 7884 --- [OrderManagement_jOOQ] [           main] o.s.b.f.s.DefaultListableBeanFactory     : Creating shared instance of singleton bean 'org.springframework.transaction.config.internalTransactionalEventListenerFactory'
2025-01-15T10:00:12.561+07:00 DEBUG 7884 --- [OrderManagement_jOOQ] [           main] o.s.b.f.s.DefaultListableBeanFactory     : Creating shared instance of singleton bean 'org.springframework.boot.test.mock.mockito.MockitoPostProcessor$SpyPostProcessor'
2025-01-15T10:00:12.563+07:00 DEBUG 7884 --- [OrderManagement_jOOQ] [           main] o.s.b.f.s.DefaultListableBeanFactory     : Creating shared instance of singleton bean 'org.springframework.context.annotation.internalAutowiredAnnotationProcessor'
2025-01-15T10:00:12.565+07:00 DEBUG 7884 --- [OrderManagement_jOOQ] [           main] o.s.b.f.s.DefaultListableBeanFactory     : Creating shared instance of singleton bean 'org.springframework.context.annotation.internalCommonAnnotationProcessor'
2025-01-15T10:00:12.570+07:00 DEBUG 7884 --- [OrderManagement_jOOQ] [           main] o.s.b.f.s.DefaultListableBeanFactory     : Creating shared instance of singleton bean 'org.springframework.context.annotation.internalPersistenceAnnotationProcessor'
2025-01-15T10:00:12.570+07:00 DEBUG 7884 --- [OrderManagement_jOOQ] [           main] o.s.b.f.s.DefaultListableBeanFactory     : Creating shared instance of singleton bean 'org.springframework.boot.context.properties.ConfigurationPropertiesBindingPostProcessor'
2025-01-15T10:00:12.570+07:00 DEBUG 7884 --- [OrderManagement_jOOQ] [           main] o.s.b.f.s.DefaultListableBeanFactory     : Creating shared instance of singleton bean 'org.springframework.boot.context.internalConfigurationPropertiesBinder'
2025-01-15T10:00:12.573+07:00 DEBUG 7884 --- [OrderManagement_jOOQ] [           main] o.s.b.f.s.DefaultListableBeanFactory     : Creating shared instance of singleton bean 'jdbcConnectionDetailsHikariBeanPostProcessor'
2025-01-15T10:00:12.577+07:00 DEBUG 7884 --- [OrderManagement_jOOQ] [           main] o.s.b.f.s.DefaultListableBeanFactory     : Creating shared instance of singleton bean 'methodValidationPostProcessor'
2025-01-15T10:00:12.581+07:00 DEBUG 7884 --- [OrderManagement_jOOQ] [           main] o.s.b.f.s.DefaultListableBeanFactory     : Autowiring by type from bean name 'methodValidationPostProcessor' via factory method to bean named 'environment'
2025-01-15T10:00:12.584+07:00 DEBUG 7884 --- [OrderManagement_jOOQ] [           main] o.s.b.f.s.DefaultListableBeanFactory     : Creating shared instance of singleton bean 'org.springframework.boot.context.properties.EnableConfigurationPropertiesRegistrar.methodValidationExcludeFilter'
2025-01-15T10:00:12.636+07:00 DEBUG 7884 --- [OrderManagement_jOOQ] [           main] o.s.b.f.s.DefaultListableBeanFactory     : Creating shared instance of singleton bean 'org.springframework.aop.config.internalAutoProxyCreator'
2025-01-15T10:00:12.662+07:00 DEBUG 7884 --- [OrderManagement_jOOQ] [           main] o.s.b.f.s.DefaultListableBeanFactory     : Creating shared instance of singleton bean 'persistenceExceptionTranslationPostProcessor'
2025-01-15T10:00:12.663+07:00 DEBUG 7884 --- [OrderManagement_jOOQ] [           main] o.s.b.f.s.DefaultListableBeanFactory     : Autowiring by type from bean name 'persistenceExceptionTranslationPostProcessor' via factory method to bean named 'environment'
2025-01-15T10:00:12.666+07:00 DEBUG 7884 --- [OrderManagement_jOOQ] [           main] o.s.b.f.s.DefaultListableBeanFactory     : Creating shared instance of singleton bean 'webServerFactoryCustomizerBeanPostProcessor'
2025-01-15T10:00:12.667+07:00 DEBUG 7884 --- [OrderManagement_jOOQ] [           main] o.s.b.f.s.DefaultListableBeanFactory     : Creating shared instance of singleton bean 'errorPageRegistrarBeanPostProcessor'
2025-01-15T10:00:12.667+07:00 DEBUG 7884 --- [OrderManagement_jOOQ] [           main] o.s.b.f.s.DefaultListableBeanFactory     : Creating shared instance of singleton bean 'projectingArgumentResolverBeanPostProcessor'
2025-01-15T10:00:12.669+07:00 DEBUG 7884 --- [OrderManagement_jOOQ] [           main] o.s.b.f.s.DefaultListableBeanFactory     : Creating shared instance of singleton bean 'org.springframework.transaction.config.internalTransactionAdvisor'
2025-01-15T10:00:12.670+07:00 DEBUG 7884 --- [OrderManagement_jOOQ] [           main] o.s.b.f.s.DefaultListableBeanFactory     : Creating shared instance of singleton bean 'org.springframework.transaction.annotation.ProxyTransactionManagementConfiguration'
2025-01-15T10:00:12.682+07:00 DEBUG 7884 --- [OrderManagement_jOOQ] [           main] o.s.b.f.s.DefaultListableBeanFactory     : Creating shared instance of singleton bean 'transactionAttributeSource'
2025-01-15T10:00:12.684+07:00 DEBUG 7884 --- [OrderManagement_jOOQ] [           main] o.s.b.f.s.DefaultListableBeanFactory     : Creating shared instance of singleton bean 'transactionInterceptor'
2025-01-15T10:00:12.685+07:00 DEBUG 7884 --- [OrderManagement_jOOQ] [           main] o.s.b.f.s.DefaultListableBeanFactory     : Autowiring by type from bean name 'transactionInterceptor' via factory method to bean named 'transactionAttributeSource'
2025-01-15T10:00:12.694+07:00 DEBUG 7884 --- [OrderManagement_jOOQ] [           main] o.s.b.f.s.DefaultListableBeanFactory     : Autowiring by type from bean name 'org.springframework.transaction.config.internalTransactionAdvisor' via factory method to bean named 'transactionAttributeSource'
2025-01-15T10:00:12.695+07:00 DEBUG 7884 --- [OrderManagement_jOOQ] [           main] o.s.b.f.s.DefaultListableBeanFactory     : Autowiring by type from bean name 'org.springframework.transaction.config.internalTransactionAdvisor' via factory method to bean named 'transactionInterceptor'
2025-01-15T10:00:12.737+07:00 DEBUG 7884 --- [OrderManagement_jOOQ] [           main] o.s.u.c.s.UiApplicationContextUtils      : Unable to locate ThemeSource with name 'themeSource': using default [org.springframework.ui.context.support.ResourceBundleThemeSource@f438904]
2025-01-15T10:00:12.740+07:00 DEBUG 7884 --- [OrderManagement_jOOQ] [           main] o.s.b.f.s.DefaultListableBeanFactory     : Creating shared instance of singleton bean 'dataSourceScriptDatabaseInitializer'
2025-01-15T10:00:12.740+07:00 DEBUG 7884 --- [OrderManagement_jOOQ] [           main] o.s.b.f.s.DefaultListableBeanFactory     : Creating shared instance of singleton bean 'org.springframework.boot.autoconfigure.sql.init.DataSourceInitializationConfiguration'
2025-01-15T10:00:12.743+07:00 DEBUG 7884 --- [OrderManagement_jOOQ] [           main] o.s.b.f.s.DefaultListableBeanFactory     : Creating shared instance of singleton bean 'dataSource'
2025-01-15T10:00:12.744+07:00 DEBUG 7884 --- [OrderManagement_jOOQ] [           main] o.s.b.f.s.DefaultListableBeanFactory     : Creating shared instance of singleton bean 'org.springframework.boot.autoconfigure.jdbc.DataSourceConfiguration$Hikari'
2025-01-15T10:00:12.745+07:00 DEBUG 7884 --- [OrderManagement_jOOQ] [           main] o.s.b.f.s.DefaultListableBeanFactory     : Creating shared instance of singleton bean 'spring.datasource-org.springframework.boot.autoconfigure.jdbc.DataSourceProperties'
2025-01-15T10:00:12.747+07:00 DEBUG 7884 --- [OrderManagement_jOOQ] [           main] o.s.b.f.s.DefaultListableBeanFactory     : Creating shared instance of singleton bean 'org.springframework.boot.context.properties.BoundConfigurationProperties'
2025-01-15T10:00:12.777+07:00 DEBUG 7884 --- [OrderManagement_jOOQ] [           main] o.s.b.f.s.DefaultListableBeanFactory     : Creating shared instance of singleton bean 'jdbcConnectionDetails'
2025-01-15T10:00:12.778+07:00 DEBUG 7884 --- [OrderManagement_jOOQ] [           main] o.s.b.f.s.DefaultListableBeanFactory     : Creating shared instance of singleton bean 'org.springframework.boot.autoconfigure.jdbc.DataSourceAutoConfiguration$PooledDataSourceConfiguration'
2025-01-15T10:00:12.780+07:00 DEBUG 7884 --- [OrderManagement_jOOQ] [           main] o.s.b.f.s.DefaultListableBeanFactory     : Autowiring by type from bean name 'jdbcConnectionDetails' via factory method to bean named 'spring.datasource-org.springframework.boot.autoconfigure.jdbc.DataSourceProperties'
2025-01-15T10:00:12.781+07:00 DEBUG 7884 --- [OrderManagement_jOOQ] [           main] o.s.b.f.s.DefaultListableBeanFactory     : Autowiring by type from bean name 'dataSource' via factory method to bean named 'spring.datasource-org.springframework.boot.autoconfigure.jdbc.DataSourceProperties'
2025-01-15T10:00:12.781+07:00 DEBUG 7884 --- [OrderManagement_jOOQ] [           main] o.s.b.f.s.DefaultListableBeanFactory     : Autowiring by type from bean name 'dataSource' via factory method to bean named 'jdbcConnectionDetails'
2025-01-15T10:00:12.787+07:00 DEBUG 7884 --- [OrderManagement_jOOQ] [           main] com.zaxxer.hikari.HikariConfig           : Driver class org.postgresql.Driver found in Thread context class loader jdk.internal.loader.ClassLoaders$AppClassLoader@5c647e05
2025-01-15T10:00:12.829+07:00 DEBUG 7884 --- [OrderManagement_jOOQ] [           main] o.s.b.f.s.DefaultListableBeanFactory     : Creating shared instance of singleton bean 'spring.sql.init-org.springframework.boot.autoconfigure.sql.init.SqlInitializationProperties'
2025-01-15T10:00:12.836+07:00 DEBUG 7884 --- [OrderManagement_jOOQ] [           main] o.s.b.f.s.DefaultListableBeanFactory     : Autowiring by type from bean name 'dataSourceScriptDatabaseInitializer' via factory method to bean named 'dataSource'
2025-01-15T10:00:12.837+07:00 DEBUG 7884 --- [OrderManagement_jOOQ] [           main] o.s.b.f.s.DefaultListableBeanFactory     : Autowiring by type from bean name 'dataSourceScriptDatabaseInitializer' via factory method to bean named 'spring.sql.init-org.springframework.boot.autoconfigure.sql.init.SqlInitializationProperties'
2025-01-15T10:00:12.850+07:00 DEBUG 7884 --- [OrderManagement_jOOQ] [           main] o.s.b.f.s.DefaultListableBeanFactory     : Creating shared instance of singleton bean 'entityManagerFactory'
2025-01-15T10:00:12.851+07:00 DEBUG 7884 --- [OrderManagement_jOOQ] [           main] o.s.b.f.s.DefaultListableBeanFactory     : Creating shared instance of singleton bean 'org.springframework.boot.autoconfigure.orm.jpa.HibernateJpaConfiguration'
2025-01-15T10:00:12.856+07:00 DEBUG 7884 --- [OrderManagement_jOOQ] [           main] o.s.b.f.s.DefaultListableBeanFactory     : Creating shared instance of singleton bean 'spring.jpa-org.springframework.boot.autoconfigure.orm.jpa.JpaProperties'
2025-01-15T10:00:12.878+07:00 DEBUG 7884 --- [OrderManagement_jOOQ] [           main] o.s.b.f.s.DefaultListableBeanFactory     : Creating shared instance of singleton bean 'spring.jpa.hibernate-org.springframework.boot.autoconfigure.orm.jpa.HibernateProperties'
2025-01-15T10:00:12.881+07:00 DEBUG 7884 --- [OrderManagement_jOOQ] [           main] o.s.b.f.s.DefaultListableBeanFactory     : Autowiring by type from bean name 'org.springframework.boot.autoconfigure.orm.jpa.HibernateJpaConfiguration' via constructor to bean named 'dataSource'
2025-01-15T10:00:12.881+07:00 DEBUG 7884 --- [OrderManagement_jOOQ] [           main] o.s.b.f.s.DefaultListableBeanFactory     : Autowiring by type from bean name 'org.springframework.boot.autoconfigure.orm.jpa.HibernateJpaConfiguration' via constructor to bean named 'spring.jpa-org.springframework.boot.autoconfigure.orm.jpa.JpaProperties'
2025-01-15T10:00:12.881+07:00 DEBUG 7884 --- [OrderManagement_jOOQ] [           main] o.s.b.f.s.DefaultListableBeanFactory     : Autowiring by type from bean name 'org.springframework.boot.autoconfigure.orm.jpa.HibernateJpaConfiguration' via constructor to bean named 'org.springframework.beans.factory.support.DefaultListableBeanFactory@29006752'
2025-01-15T10:00:12.881+07:00 DEBUG 7884 --- [OrderManagement_jOOQ] [           main] o.s.b.f.s.DefaultListableBeanFactory     : Autowiring by type from bean name 'org.springframework.boot.autoconfigure.orm.jpa.HibernateJpaConfiguration' via constructor to bean named 'spring.jpa.hibernate-org.springframework.boot.autoconfigure.orm.jpa.HibernateProperties'
2025-01-15T10:00:12.887+07:00 DEBUG 7884 --- [OrderManagement_jOOQ] [           main] o.s.b.f.s.DefaultListableBeanFactory     : Creating shared instance of singleton bean 'hikariPoolDataSourceMetadataProvider'
2025-01-15T10:00:12.888+07:00 DEBUG 7884 --- [OrderManagement_jOOQ] [           main] o.s.b.f.s.DefaultListableBeanFactory     : Creating shared instance of singleton bean 'org.springframework.boot.autoconfigure.jdbc.metadata.DataSourcePoolMetadataProvidersConfiguration$HikariPoolDataSourceMetadataProviderConfiguration'
2025-01-15T10:00:12.898+07:00 DEBUG 7884 --- [OrderManagement_jOOQ] [           main] o.s.b.f.s.DefaultListableBeanFactory     : Creating shared instance of singleton bean 'entityManagerFactoryBuilder'
2025-01-15T10:00:12.900+07:00 DEBUG 7884 --- [OrderManagement_jOOQ] [           main] o.s.b.f.s.DefaultListableBeanFactory     : Creating shared instance of singleton bean 'jpaVendorAdapter'
2025-01-15T10:00:12.926+07:00 DEBUG 7884 --- [OrderManagement_jOOQ] [           main] o.s.b.f.s.DefaultListableBeanFactory     : Autowiring by type from bean name 'entityManagerFactoryBuilder' via factory method to bean named 'jpaVendorAdapter'
2025-01-15T10:00:12.937+07:00 DEBUG 7884 --- [OrderManagement_jOOQ] [           main] o.s.b.f.s.DefaultListableBeanFactory     : Creating shared instance of singleton bean 'persistenceManagedTypes'
2025-01-15T10:00:12.939+07:00 DEBUG 7884 --- [OrderManagement_jOOQ] [           main] o.s.b.f.s.DefaultListableBeanFactory     : Autowiring by type from bean name 'persistenceManagedTypes' via factory method to bean named 'org.springframework.beans.factory.support.DefaultListableBeanFactory@29006752'
2025-01-15T10:00:12.939+07:00 DEBUG 7884 --- [OrderManagement_jOOQ] [           main] o.s.b.f.s.DefaultListableBeanFactory     : Autowiring by type from bean name 'persistenceManagedTypes' via factory method to bean named 'org.springframework.web.context.support.GenericWebApplicationContext@3a80515c'
2025-01-15T10:00:12.959+07:00 DEBUG 7884 --- [OrderManagement_jOOQ] [           main] o.s.b.f.s.DefaultListableBeanFactory     : Autowiring by type from bean name 'entityManagerFactory' via factory method to bean named 'entityManagerFactoryBuilder'
2025-01-15T10:00:12.960+07:00 DEBUG 7884 --- [OrderManagement_jOOQ] [           main] o.s.b.f.s.DefaultListableBeanFactory     : Autowiring by type from bean name 'entityManagerFactory' via factory method to bean named 'persistenceManagedTypes'
2025-01-15T10:00:12.995+07:00 DEBUG 7884 --- [OrderManagement_jOOQ] [           main] j.LocalContainerEntityManagerFactoryBean : Building JPA container EntityManagerFactory for persistence unit 'default'
2025-01-15T10:00:13.035+07:00 DEBUG 7884 --- [OrderManagement_jOOQ] [           main] o.hibernate.jpa.internal.util.LogHelper  : PersistenceUnitInfo [
	name: default
	persistence provider classname: null
	classloader: jdk.internal.loader.ClassLoaders$AppClassLoader@5c647e05
	excludeUnlistedClasses: true
	JTA datasource: null
	Non JTA datasource: HikariDataSource (null)
	Transaction type: RESOURCE_LOCAL
	PU root URL: file:/F:/MH_SOLUTION/OrderManagement_jOOQ/target/test-classes/
	Shared Cache Mode: UNSPECIFIED
	Validation Mode: AUTO
	Jar files URLs []
	Managed classes names []
	Mapping files names []
	Properties []
2025-01-15T10:00:13.064+07:00 DEBUG 7884 --- [OrderManagement_jOOQ] [           main] o.h.i.internal.IntegratorServiceImpl     : Adding Integrator [org.hibernate.boot.beanvalidation.BeanValidationIntegrator].
2025-01-15T10:00:13.069+07:00 DEBUG 7884 --- [OrderManagement_jOOQ] [           main] o.h.i.internal.IntegratorServiceImpl     : Adding Integrator [org.hibernate.cache.internal.CollectionCacheInvalidator].
2025-01-15T10:00:13.216+07:00  INFO 7884 --- [OrderManagement_jOOQ] [           main] org.hibernate.Version                    : HHH000412: Hibernate ORM core version 6.5.2.Final
2025-01-15T10:00:13.218+07:00 DEBUG 7884 --- [OrderManagement_jOOQ] [           main] org.hibernate.cfg.Environment            : HHH000206: 'hibernate.properties' not found
2025-01-15T10:00:13.281+07:00 DEBUG 7884 --- [OrderManagement_jOOQ] [           main] org.hibernate.orm.idgen.factory          : Registering IdentifierGenerator strategy [uuid2] -> [org.hibernate.id.UUIDGenerator]
2025-01-15T10:00:13.283+07:00 DEBUG 7884 --- [OrderManagement_jOOQ] [           main] org.hibernate.orm.idgen.factory          : Registering IdentifierGenerator strategy [guid] -> [org.hibernate.id.GUIDGenerator]
2025-01-15T10:00:13.284+07:00 DEBUG 7884 --- [OrderManagement_jOOQ] [           main] org.hibernate.orm.idgen.factory          : Registering IdentifierGenerator strategy [uuid] -> [org.hibernate.id.UUIDHexGenerator]
2025-01-15T10:00:13.285+07:00 DEBUG 7884 --- [OrderManagement_jOOQ] [           main] org.hibernate.orm.idgen.factory          : Registering IdentifierGenerator strategy [uuid.hex] -> [org.hibernate.id.UUIDHexGenerator]
2025-01-15T10:00:13.286+07:00 DEBUG 7884 --- [OrderManagement_jOOQ] [           main] org.hibernate.orm.idgen.factory          : Registering IdentifierGenerator strategy [assigned] -> [org.hibernate.id.Assigned]
2025-01-15T10:00:13.288+07:00 DEBUG 7884 --- [OrderManagement_jOOQ] [           main] org.hibernate.orm.idgen.factory          : Registering IdentifierGenerator strategy [identity] -> [org.hibernate.id.IdentityGenerator]
2025-01-15T10:00:13.289+07:00 DEBUG 7884 --- [OrderManagement_jOOQ] [           main] org.hibernate.orm.idgen.factory          : Registering IdentifierGenerator strategy [select] -> [org.hibernate.id.SelectGenerator]
2025-01-15T10:00:13.291+07:00 DEBUG 7884 --- [OrderManagement_jOOQ] [           main] org.hibernate.orm.idgen.factory          : Registering IdentifierGenerator strategy [sequence] -> [org.hibernate.id.enhanced.SequenceStyleGenerator]
2025-01-15T10:00:13.292+07:00 DEBUG 7884 --- [OrderManagement_jOOQ] [           main] org.hibernate.orm.idgen.factory          : Registering IdentifierGenerator strategy [increment] -> [org.hibernate.id.IncrementGenerator]
2025-01-15T10:00:13.293+07:00 DEBUG 7884 --- [OrderManagement_jOOQ] [           main] org.hibernate.orm.idgen.factory          : Registering IdentifierGenerator strategy [foreign] -> [org.hibernate.id.ForeignGenerator]
2025-01-15T10:00:13.293+07:00 DEBUG 7884 --- [OrderManagement_jOOQ] [           main] org.hibernate.orm.idgen.factory          : Registering IdentifierGenerator strategy [enhanced-sequence] -> [org.hibernate.id.enhanced.SequenceStyleGenerator]
2025-01-15T10:00:13.295+07:00 DEBUG 7884 --- [OrderManagement_jOOQ] [           main] org.hibernate.orm.idgen.factory          : Registering IdentifierGenerator strategy [enhanced-table] -> [org.hibernate.id.enhanced.TableGenerator]
2025-01-15T10:00:13.312+07:00 DEBUG 7884 --- [OrderManagement_jOOQ] [           main] o.h.c.internal.RegionFactoryInitiator    : Cannot default RegionFactory based on registered strategies as `[]` RegionFactory strategies were registered
2025-01-15T10:00:13.316+07:00  INFO 7884 --- [OrderManagement_jOOQ] [           main] o.h.c.internal.RegionFactoryInitiator    : HHH000026: Second-level cache disabled
2025-01-15T10:00:13.603+07:00 DEBUG 7884 --- [OrderManagement_jOOQ] [           main] org.hibernate.type.BasicTypeRegistry     : Adding type registration boolean -> org.hibernate.type.BasicTypeReference@5ec6fede
2025-01-15T10:00:13.603+07:00 DEBUG 7884 --- [OrderManagement_jOOQ] [           main] org.hibernate.type.BasicTypeRegistry     : Adding type registration boolean -> org.hibernate.type.BasicTypeReference@5ec6fede
2025-01-15T10:00:13.604+07:00 DEBUG 7884 --- [OrderManagement_jOOQ] [           main] org.hibernate.type.BasicTypeRegistry     : Adding type registration java.lang.Boolean -> org.hibernate.type.BasicTypeReference@5ec6fede
2025-01-15T10:00:13.605+07:00 DEBUG 7884 --- [OrderManagement_jOOQ] [           main] org.hibernate.type.BasicTypeRegistry     : Adding type registration numeric_boolean -> org.hibernate.type.BasicTypeReference@580902cd
2025-01-15T10:00:13.605+07:00 DEBUG 7884 --- [OrderManagement_jOOQ] [           main] org.hibernate.type.BasicTypeRegistry     : Adding type registration org.hibernate.type.NumericBooleanConverter -> org.hibernate.type.BasicTypeReference@580902cd
2025-01-15T10:00:13.605+07:00 DEBUG 7884 --- [OrderManagement_jOOQ] [           main] org.hibernate.type.BasicTypeRegistry     : Adding type registration true_false -> org.hibernate.type.BasicTypeReference@3757e8e2
2025-01-15T10:00:13.606+07:00 DEBUG 7884 --- [OrderManagement_jOOQ] [           main] org.hibernate.type.BasicTypeRegistry     : Adding type registration org.hibernate.type.TrueFalseConverter -> org.hibernate.type.BasicTypeReference@3757e8e2
2025-01-15T10:00:13.606+07:00 DEBUG 7884 --- [OrderManagement_jOOQ] [           main] org.hibernate.type.BasicTypeRegistry     : Adding type registration yes_no -> org.hibernate.type.BasicTypeReference@1653b84e
2025-01-15T10:00:13.606+07:00 DEBUG 7884 --- [OrderManagement_jOOQ] [           main] org.hibernate.type.BasicTypeRegistry     : Adding type registration org.hibernate.type.YesNoConverter -> org.hibernate.type.BasicTypeReference@1653b84e
2025-01-15T10:00:13.606+07:00 DEBUG 7884 --- [OrderManagement_jOOQ] [           main] org.hibernate.type.BasicTypeRegistry     : Adding type registration byte -> org.hibernate.type.BasicTypeReference@7f8a9454
2025-01-15T10:00:13.607+07:00 DEBUG 7884 --- [OrderManagement_jOOQ] [           main] org.hibernate.type.BasicTypeRegistry     : Adding type registration byte -> org.hibernate.type.BasicTypeReference@7f8a9454
2025-01-15T10:00:13.607+07:00 DEBUG 7884 --- [OrderManagement_jOOQ] [           main] org.hibernate.type.BasicTypeRegistry     : Adding type registration java.lang.Byte -> org.hibernate.type.BasicTypeReference@7f8a9454
2025-01-15T10:00:13.607+07:00 DEBUG 7884 --- [OrderManagement_jOOQ] [           main] org.hibernate.type.BasicTypeRegistry     : Adding type registration binary -> org.hibernate.type.BasicTypeReference@6f85ee02
2025-01-15T10:00:13.607+07:00 DEBUG 7884 --- [OrderManagement_jOOQ] [           main] org.hibernate.type.BasicTypeRegistry     : Adding type registration byte[] -> org.hibernate.type.BasicTypeReference@6f85ee02
2025-01-15T10:00:13.609+07:00 DEBUG 7884 --- [OrderManagement_jOOQ] [           main] org.hibernate.type.BasicTypeRegistry     : Adding type registration [B -> org.hibernate.type.BasicTypeReference@6f85ee02
2025-01-15T10:00:13.611+07:00 DEBUG 7884 --- [OrderManagement_jOOQ] [           main] org.hibernate.type.BasicTypeRegistry     : Adding type registration binary_wrapper -> org.hibernate.type.BasicTypeReference@679d0be8
2025-01-15T10:00:13.616+07:00 DEBUG 7884 --- [OrderManagement_jOOQ] [           main] org.hibernate.type.BasicTypeRegistry     : Adding type registration wrapper-binary -> org.hibernate.type.BasicTypeReference@679d0be8
2025-01-15T10:00:13.617+07:00 DEBUG 7884 --- [OrderManagement_jOOQ] [           main] org.hibernate.type.BasicTypeRegistry     : Adding type registration image -> org.hibernate.type.BasicTypeReference@6c075e9d
2025-01-15T10:00:13.617+07:00 DEBUG 7884 --- [OrderManagement_jOOQ] [           main] org.hibernate.type.BasicTypeRegistry     : Adding type registration blob -> org.hibernate.type.BasicTypeReference@47044f7d
2025-01-15T10:00:13.618+07:00 DEBUG 7884 --- [OrderManagement_jOOQ] [           main] org.hibernate.type.BasicTypeRegistry     : Adding type registration java.sql.Blob -> org.hibernate.type.BasicTypeReference@47044f7d
2025-01-15T10:00:13.618+07:00 DEBUG 7884 --- [OrderManagement_jOOQ] [           main] org.hibernate.type.BasicTypeRegistry     : Adding type registration materialized_blob -> org.hibernate.type.BasicTypeReference@7b14c61
2025-01-15T10:00:13.618+07:00 DEBUG 7884 --- [OrderManagement_jOOQ] [           main] org.hibernate.type.BasicTypeRegistry     : Adding type registration materialized_blob_wrapper -> org.hibernate.type.BasicTypeReference@8fcc534
2025-01-15T10:00:13.618+07:00 DEBUG 7884 --- [OrderManagement_jOOQ] [           main] org.hibernate.type.BasicTypeRegistry     : Adding type registration short -> org.hibernate.type.BasicTypeReference@5e599100
2025-01-15T10:00:13.618+07:00 DEBUG 7884 --- [OrderManagement_jOOQ] [           main] org.hibernate.type.BasicTypeRegistry     : Adding type registration short -> org.hibernate.type.BasicTypeReference@5e599100
2025-01-15T10:00:13.618+07:00 DEBUG 7884 --- [OrderManagement_jOOQ] [           main] org.hibernate.type.BasicTypeRegistry     : Adding type registration java.lang.Short -> org.hibernate.type.BasicTypeReference@5e599100
2025-01-15T10:00:13.619+07:00 DEBUG 7884 --- [OrderManagement_jOOQ] [           main] org.hibernate.type.BasicTypeRegistry     : Adding type registration integer -> org.hibernate.type.BasicTypeReference@3b435211
2025-01-15T10:00:13.619+07:00 DEBUG 7884 --- [OrderManagement_jOOQ] [           main] org.hibernate.type.BasicTypeRegistry     : Adding type registration int -> org.hibernate.type.BasicTypeReference@3b435211
2025-01-15T10:00:13.619+07:00 DEBUG 7884 --- [OrderManagement_jOOQ] [           main] org.hibernate.type.BasicTypeRegistry     : Adding type registration java.lang.Integer -> org.hibernate.type.BasicTypeReference@3b435211
2025-01-15T10:00:13.619+07:00 DEBUG 7884 --- [OrderManagement_jOOQ] [           main] org.hibernate.type.BasicTypeRegistry     : Adding type registration long -> org.hibernate.type.BasicTypeReference@361cd35c
2025-01-15T10:00:13.620+07:00 DEBUG 7884 --- [OrderManagement_jOOQ] [           main] org.hibernate.type.BasicTypeRegistry     : Adding type registration long -> org.hibernate.type.BasicTypeReference@361cd35c
2025-01-15T10:00:13.620+07:00 DEBUG 7884 --- [OrderManagement_jOOQ] [           main] org.hibernate.type.BasicTypeRegistry     : Adding type registration java.lang.Long -> org.hibernate.type.BasicTypeReference@361cd35c
2025-01-15T10:00:13.620+07:00 DEBUG 7884 --- [OrderManagement_jOOQ] [           main] org.hibernate.type.BasicTypeRegistry     : Adding type registration float -> org.hibernate.type.BasicTypeReference@58a765ce
2025-01-15T10:00:13.620+07:00 DEBUG 7884 --- [OrderManagement_jOOQ] [           main] org.hibernate.type.BasicTypeRegistry     : Adding type registration float -> org.hibernate.type.BasicTypeReference@58a765ce
2025-01-15T10:00:13.620+07:00 DEBUG 7884 --- [OrderManagement_jOOQ] [           main] org.hibernate.type.BasicTypeRegistry     : Adding type registration java.lang.Float -> org.hibernate.type.BasicTypeReference@58a765ce
2025-01-15T10:00:13.620+07:00 DEBUG 7884 --- [OrderManagement_jOOQ] [           main] org.hibernate.type.BasicTypeRegistry     : Adding type registration double -> org.hibernate.type.BasicTypeReference@4a642e4b
2025-01-15T10:00:13.620+07:00 DEBUG 7884 --- [OrderManagement_jOOQ] [           main] org.hibernate.type.BasicTypeRegistry     : Adding type registration double -> org.hibernate.type.BasicTypeReference@4a642e4b
2025-01-15T10:00:13.620+07:00 DEBUG 7884 --- [OrderManagement_jOOQ] [           main] org.hibernate.type.BasicTypeRegistry     : Adding type registration java.lang.Double -> org.hibernate.type.BasicTypeReference@4a642e4b
2025-01-15T10:00:13.620+07:00 DEBUG 7884 --- [OrderManagement_jOOQ] [           main] org.hibernate.type.BasicTypeRegistry     : Adding type registration big_integer -> org.hibernate.type.BasicTypeReference@6b162ecc
2025-01-15T10:00:13.620+07:00 DEBUG 7884 --- [OrderManagement_jOOQ] [           main] org.hibernate.type.BasicTypeRegistry     : Adding type registration java.math.BigInteger -> org.hibernate.type.BasicTypeReference@6b162ecc
2025-01-15T10:00:13.620+07:00 DEBUG 7884 --- [OrderManagement_jOOQ] [           main] org.hibernate.type.BasicTypeRegistry     : Adding type registration big_decimal -> org.hibernate.type.BasicTypeReference@3b4086c1
2025-01-15T10:00:13.621+07:00 DEBUG 7884 --- [OrderManagement_jOOQ] [           main] org.hibernate.type.BasicTypeRegistry     : Adding type registration java.math.BigDecimal -> org.hibernate.type.BasicTypeReference@3b4086c1
2025-01-15T10:00:13.621+07:00 DEBUG 7884 --- [OrderManagement_jOOQ] [           main] org.hibernate.type.BasicTypeRegistry     : Adding type registration character -> org.hibernate.type.BasicTypeReference@58aa1d72
2025-01-15T10:00:13.621+07:00 DEBUG 7884 --- [OrderManagement_jOOQ] [           main] org.hibernate.type.BasicTypeRegistry     : Adding type registration char -> org.hibernate.type.BasicTypeReference@58aa1d72
2025-01-15T10:00:13.621+07:00 DEBUG 7884 --- [OrderManagement_jOOQ] [           main] org.hibernate.type.BasicTypeRegistry     : Adding type registration java.lang.Character -> org.hibernate.type.BasicTypeReference@58aa1d72
2025-01-15T10:00:13.622+07:00 DEBUG 7884 --- [OrderManagement_jOOQ] [           main] org.hibernate.type.BasicTypeRegistry     : Adding type registration character_nchar -> org.hibernate.type.BasicTypeReference@33d7765a
2025-01-15T10:00:13.622+07:00 DEBUG 7884 --- [OrderManagement_jOOQ] [           main] org.hibernate.type.BasicTypeRegistry     : Adding type registration string -> org.hibernate.type.BasicTypeReference@69ed5ea2
2025-01-15T10:00:13.622+07:00 DEBUG 7884 --- [OrderManagement_jOOQ] [           main] org.hibernate.type.BasicTypeRegistry     : Adding type registration java.lang.String -> org.hibernate.type.BasicTypeReference@69ed5ea2
2025-01-15T10:00:13.622+07:00 DEBUG 7884 --- [OrderManagement_jOOQ] [           main] org.hibernate.type.BasicTypeRegistry     : Adding type registration nstring -> org.hibernate.type.BasicTypeReference@56a4abd0
2025-01-15T10:00:13.623+07:00 DEBUG 7884 --- [OrderManagement_jOOQ] [           main] org.hibernate.type.BasicTypeRegistry     : Adding type registration characters -> org.hibernate.type.BasicTypeReference@5eed6dfb
2025-01-15T10:00:13.623+07:00 DEBUG 7884 --- [OrderManagement_jOOQ] [           main] org.hibernate.type.BasicTypeRegistry     : Adding type registration char[] -> org.hibernate.type.BasicTypeReference@5eed6dfb
2025-01-15T10:00:13.623+07:00 DEBUG 7884 --- [OrderManagement_jOOQ] [           main] org.hibernate.type.BasicTypeRegistry     : Adding type registration [C -> org.hibernate.type.BasicTypeReference@5eed6dfb
2025-01-15T10:00:13.623+07:00 DEBUG 7884 --- [OrderManagement_jOOQ] [           main] org.hibernate.type.BasicTypeRegistry     : Adding type registration wrapper-characters -> org.hibernate.type.BasicTypeReference@5600a5da
2025-01-15T10:00:13.623+07:00 DEBUG 7884 --- [OrderManagement_jOOQ] [           main] org.hibernate.type.BasicTypeRegistry     : Adding type registration text -> org.hibernate.type.BasicTypeReference@551be9f6
2025-01-15T10:00:13.623+07:00 DEBUG 7884 --- [OrderManagement_jOOQ] [           main] org.hibernate.type.BasicTypeRegistry     : Adding type registration ntext -> org.hibernate.type.BasicTypeReference@269222ae
2025-01-15T10:00:13.624+07:00 DEBUG 7884 --- [OrderManagement_jOOQ] [           main] org.hibernate.type.BasicTypeRegistry     : Adding type registration clob -> org.hibernate.type.BasicTypeReference@13250132
2025-01-15T10:00:13.624+07:00 DEBUG 7884 --- [OrderManagement_jOOQ] [           main] org.hibernate.type.BasicTypeRegistry     : Adding type registration java.sql.Clob -> org.hibernate.type.BasicTypeReference@13250132
2025-01-15T10:00:13.624+07:00 DEBUG 7884 --- [OrderManagement_jOOQ] [           main] org.hibernate.type.BasicTypeRegistry     : Adding type registration nclob -> org.hibernate.type.BasicTypeReference@40d848f9
2025-01-15T10:00:13.624+07:00 DEBUG 7884 --- [OrderManagement_jOOQ] [           main] org.hibernate.type.BasicTypeRegistry     : Adding type registration java.sql.NClob -> org.hibernate.type.BasicTypeReference@40d848f9
2025-01-15T10:00:13.624+07:00 DEBUG 7884 --- [OrderManagement_jOOQ] [           main] org.hibernate.type.BasicTypeRegistry     : Adding type registration materialized_clob -> org.hibernate.type.BasicTypeReference@4a864d4d
2025-01-15T10:00:13.624+07:00 DEBUG 7884 --- [OrderManagement_jOOQ] [           main] org.hibernate.type.BasicTypeRegistry     : Adding type registration materialized_clob_char_array -> org.hibernate.type.BasicTypeReference@7d3691e1
2025-01-15T10:00:13.625+07:00 DEBUG 7884 --- [OrderManagement_jOOQ] [           main] org.hibernate.type.BasicTypeRegistry     : Adding type registration materialized_clob_character_array -> org.hibernate.type.BasicTypeReference@46a123e4
2025-01-15T10:00:13.625+07:00 DEBUG 7884 --- [OrderManagement_jOOQ] [           main] org.hibernate.type.BasicTypeRegistry     : Adding type registration materialized_nclob -> org.hibernate.type.BasicTypeReference@44bc2449
2025-01-15T10:00:13.625+07:00 DEBUG 7884 --- [OrderManagement_jOOQ] [           main] org.hibernate.type.BasicTypeRegistry     : Adding type registration materialized_nclob_character_array -> org.hibernate.type.BasicTypeReference@3c28e5b6
2025-01-15T10:00:13.625+07:00 DEBUG 7884 --- [OrderManagement_jOOQ] [           main] org.hibernate.type.BasicTypeRegistry     : Adding type registration materialized_nclob_char_array -> org.hibernate.type.BasicTypeReference@7558c24b
2025-01-15T10:00:13.625+07:00 DEBUG 7884 --- [OrderManagement_jOOQ] [           main] org.hibernate.type.BasicTypeRegistry     : Adding type registration Duration -> org.hibernate.type.BasicTypeReference@3a296107
2025-01-15T10:00:13.625+07:00 DEBUG 7884 --- [OrderManagement_jOOQ] [           main] org.hibernate.type.BasicTypeRegistry     : Adding type registration java.time.Duration -> org.hibernate.type.BasicTypeReference@3a296107
2025-01-15T10:00:13.626+07:00 DEBUG 7884 --- [OrderManagement_jOOQ] [           main] org.hibernate.type.BasicTypeRegistry     : Adding type registration LocalDateTime -> org.hibernate.type.BasicTypeReference@1f129467
2025-01-15T10:00:13.626+07:00 DEBUG 7884 --- [OrderManagement_jOOQ] [           main] org.hibernate.type.BasicTypeRegistry     : Adding type registration java.time.LocalDateTime -> org.hibernate.type.BasicTypeReference@1f129467
2025-01-15T10:00:13.626+07:00 DEBUG 7884 --- [OrderManagement_jOOQ] [           main] org.hibernate.type.BasicTypeRegistry     : Adding type registration LocalDate -> org.hibernate.type.BasicTypeReference@646cd766
2025-01-15T10:00:13.626+07:00 DEBUG 7884 --- [OrderManagement_jOOQ] [           main] org.hibernate.type.BasicTypeRegistry     : Adding type registration java.time.LocalDate -> org.hibernate.type.BasicTypeReference@646cd766
2025-01-15T10:00:13.626+07:00 DEBUG 7884 --- [OrderManagement_jOOQ] [           main] org.hibernate.type.BasicTypeRegistry     : Adding type registration LocalTime -> org.hibernate.type.BasicTypeReference@57151b3a
2025-01-15T10:00:13.626+07:00 DEBUG 7884 --- [OrderManagement_jOOQ] [           main] org.hibernate.type.BasicTypeRegistry     : Adding type registration java.time.LocalTime -> org.hibernate.type.BasicTypeReference@57151b3a
2025-01-15T10:00:13.627+07:00 DEBUG 7884 --- [OrderManagement_jOOQ] [           main] org.hibernate.type.BasicTypeRegistry     : Adding type registration OffsetDateTime -> org.hibernate.type.BasicTypeReference@26457986
2025-01-15T10:00:13.627+07:00 DEBUG 7884 --- [OrderManagement_jOOQ] [           main] org.hibernate.type.BasicTypeRegistry     : Adding type registration java.time.OffsetDateTime -> org.hibernate.type.BasicTypeReference@26457986
2025-01-15T10:00:13.628+07:00 DEBUG 7884 --- [OrderManagement_jOOQ] [           main] org.hibernate.type.BasicTypeRegistry     : Adding type registration OffsetDateTimeWithTimezone -> org.hibernate.type.BasicTypeReference@2dff7085
2025-01-15T10:00:13.628+07:00 DEBUG 7884 --- [OrderManagement_jOOQ] [           main] org.hibernate.type.BasicTypeRegistry     : Adding type registration OffsetDateTimeWithoutTimezone -> org.hibernate.type.BasicTypeReference@2faa55bb
2025-01-15T10:00:13.628+07:00 DEBUG 7884 --- [OrderManagement_jOOQ] [           main] org.hibernate.type.BasicTypeRegistry     : Adding type registration OffsetTime -> org.hibernate.type.BasicTypeReference@501957bf
2025-01-15T10:00:13.628+07:00 DEBUG 7884 --- [OrderManagement_jOOQ] [           main] org.hibernate.type.BasicTypeRegistry     : Adding type registration java.time.OffsetTime -> org.hibernate.type.BasicTypeReference@501957bf
2025-01-15T10:00:13.628+07:00 DEBUG 7884 --- [OrderManagement_jOOQ] [           main] org.hibernate.type.BasicTypeRegistry     : Adding type registration OffsetTimeUtc -> org.hibernate.type.BasicTypeReference@5d1d9d73
2025-01-15T10:00:13.628+07:00 DEBUG 7884 --- [OrderManagement_jOOQ] [           main] org.hibernate.type.BasicTypeRegistry     : Adding type registration OffsetTimeWithTimezone -> org.hibernate.type.BasicTypeReference@b30a50d
2025-01-15T10:00:13.628+07:00 DEBUG 7884 --- [OrderManagement_jOOQ] [           main] org.hibernate.type.BasicTypeRegistry     : Adding type registration OffsetTimeWithoutTimezone -> org.hibernate.type.BasicTypeReference@764a3e5d
2025-01-15T10:00:13.628+07:00 DEBUG 7884 --- [OrderManagement_jOOQ] [           main] org.hibernate.type.BasicTypeRegistry     : Adding type registration ZonedDateTime -> org.hibernate.type.BasicTypeReference@6c742b84
2025-01-15T10:00:13.628+07:00 DEBUG 7884 --- [OrderManagement_jOOQ] [           main] org.hibernate.type.BasicTypeRegistry     : Adding type registration java.time.ZonedDateTime -> org.hibernate.type.BasicTypeReference@6c742b84
2025-01-15T10:00:13.628+07:00 DEBUG 7884 --- [OrderManagement_jOOQ] [           main] org.hibernate.type.BasicTypeRegistry     : Adding type registration ZonedDateTimeWithTimezone -> org.hibernate.type.BasicTypeReference@5db3d57c
2025-01-15T10:00:13.629+07:00 DEBUG 7884 --- [OrderManagement_jOOQ] [           main] org.hibernate.type.BasicTypeRegistry     : Adding type registration ZonedDateTimeWithoutTimezone -> org.hibernate.type.BasicTypeReference@53a50b0a
2025-01-15T10:00:13.629+07:00 DEBUG 7884 --- [OrderManagement_jOOQ] [           main] org.hibernate.type.BasicTypeRegistry     : Adding type registration date -> org.hibernate.type.BasicTypeReference@74ba6ff5
2025-01-15T10:00:13.629+07:00 DEBUG 7884 --- [OrderManagement_jOOQ] [           main] org.hibernate.type.BasicTypeRegistry     : Adding type registration java.sql.Date -> org.hibernate.type.BasicTypeReference@74ba6ff5
2025-01-15T10:00:13.629+07:00 DEBUG 7884 --- [OrderManagement_jOOQ] [           main] org.hibernate.type.BasicTypeRegistry     : Adding type registration time -> org.hibernate.type.BasicTypeReference@395f52ed
2025-01-15T10:00:13.629+07:00 DEBUG 7884 --- [OrderManagement_jOOQ] [           main] org.hibernate.type.BasicTypeRegistry     : Adding type registration java.sql.Time -> org.hibernate.type.BasicTypeReference@395f52ed
2025-01-15T10:00:13.630+07:00 DEBUG 7884 --- [OrderManagement_jOOQ] [           main] org.hibernate.type.BasicTypeRegistry     : Adding type registration timestamp -> org.hibernate.type.BasicTypeReference@7a84788f
2025-01-15T10:00:13.630+07:00 DEBUG 7884 --- [OrderManagement_jOOQ] [           main] org.hibernate.type.BasicTypeRegistry     : Adding type registration java.sql.Timestamp -> org.hibernate.type.BasicTypeReference@7a84788f
2025-01-15T10:00:13.630+07:00 DEBUG 7884 --- [OrderManagement_jOOQ] [           main] org.hibernate.type.BasicTypeRegistry     : Adding type registration java.util.Date -> org.hibernate.type.BasicTypeReference@7a84788f
2025-01-15T10:00:13.630+07:00 DEBUG 7884 --- [OrderManagement_jOOQ] [           main] org.hibernate.type.BasicTypeRegistry     : Adding type registration calendar -> org.hibernate.type.BasicTypeReference@102c18e
2025-01-15T10:00:13.630+07:00 DEBUG 7884 --- [OrderManagement_jOOQ] [           main] org.hibernate.type.BasicTypeRegistry     : Adding type registration java.util.Calendar -> org.hibernate.type.BasicTypeReference@102c18e
2025-01-15T10:00:13.631+07:00 DEBUG 7884 --- [OrderManagement_jOOQ] [           main] org.hibernate.type.BasicTypeRegistry     : Adding type registration java.util.GregorianCalendar -> org.hibernate.type.BasicTypeReference@102c18e
2025-01-15T10:00:13.632+07:00 DEBUG 7884 --- [OrderManagement_jOOQ] [           main] org.hibernate.type.BasicTypeRegistry     : Adding type registration calendar_date -> org.hibernate.type.BasicTypeReference@65eb3597
2025-01-15T10:00:13.632+07:00 DEBUG 7884 --- [OrderManagement_jOOQ] [           main] org.hibernate.type.BasicTypeRegistry     : Adding type registration calendar_time -> org.hibernate.type.BasicTypeReference@3c7279a5
2025-01-15T10:00:13.632+07:00 DEBUG 7884 --- [OrderManagement_jOOQ] [           main] org.hibernate.type.BasicTypeRegistry     : Adding type registration instant -> org.hibernate.type.BasicTypeReference@2bebd114
2025-01-15T10:00:13.632+07:00 DEBUG 7884 --- [OrderManagement_jOOQ] [           main] org.hibernate.type.BasicTypeRegistry     : Adding type registration java.time.Instant -> org.hibernate.type.BasicTypeReference@2bebd114
2025-01-15T10:00:13.633+07:00 DEBUG 7884 --- [OrderManagement_jOOQ] [           main] org.hibernate.type.BasicTypeRegistry     : Adding type registration uuid -> org.hibernate.type.BasicTypeReference@b379bc6
2025-01-15T10:00:13.633+07:00 DEBUG 7884 --- [OrderManagement_jOOQ] [           main] org.hibernate.type.BasicTypeRegistry     : Adding type registration java.util.UUID -> org.hibernate.type.BasicTypeReference@b379bc6
2025-01-15T10:00:13.633+07:00 DEBUG 7884 --- [OrderManagement_jOOQ] [           main] org.hibernate.type.BasicTypeRegistry     : Adding type registration pg-uuid -> org.hibernate.type.BasicTypeReference@b379bc6
2025-01-15T10:00:13.633+07:00 DEBUG 7884 --- [OrderManagement_jOOQ] [           main] org.hibernate.type.BasicTypeRegistry     : Adding type registration uuid-binary -> org.hibernate.type.BasicTypeReference@374c40ba
2025-01-15T10:00:13.633+07:00 DEBUG 7884 --- [OrderManagement_jOOQ] [           main] org.hibernate.type.BasicTypeRegistry     : Adding type registration uuid-char -> org.hibernate.type.BasicTypeReference@18dcb8a7
2025-01-15T10:00:13.634+07:00 DEBUG 7884 --- [OrderManagement_jOOQ] [           main] org.hibernate.type.BasicTypeRegistry     : Adding type registration class -> org.hibernate.type.BasicTypeReference@6dcab9d9
2025-01-15T10:00:13.634+07:00 DEBUG 7884 --- [OrderManagement_jOOQ] [           main] org.hibernate.type.BasicTypeRegistry     : Adding type registration java.lang.Class -> org.hibernate.type.BasicTypeReference@6dcab9d9
2025-01-15T10:00:13.634+07:00 DEBUG 7884 --- [OrderManagement_jOOQ] [           main] org.hibernate.type.BasicTypeRegistry     : Adding type registration currency -> org.hibernate.type.BasicTypeReference@5a14e60d
2025-01-15T10:00:13.634+07:00 DEBUG 7884 --- [OrderManagement_jOOQ] [           main] org.hibernate.type.BasicTypeRegistry     : Adding type registration Currency -> org.hibernate.type.BasicTypeReference@5a14e60d
2025-01-15T10:00:13.634+07:00 DEBUG 7884 --- [OrderManagement_jOOQ] [           main] org.hibernate.type.BasicTypeRegistry     : Adding type registration java.util.Currency -> org.hibernate.type.BasicTypeReference@5a14e60d
2025-01-15T10:00:13.635+07:00 DEBUG 7884 --- [OrderManagement_jOOQ] [           main] org.hibernate.type.BasicTypeRegistry     : Adding type registration locale -> org.hibernate.type.BasicTypeReference@f882465
2025-01-15T10:00:13.635+07:00 DEBUG 7884 --- [OrderManagement_jOOQ] [           main] org.hibernate.type.BasicTypeRegistry     : Adding type registration java.util.Locale -> org.hibernate.type.BasicTypeReference@f882465
2025-01-15T10:00:13.635+07:00 DEBUG 7884 --- [OrderManagement_jOOQ] [           main] org.hibernate.type.BasicTypeRegistry     : Adding type registration serializable -> org.hibernate.type.BasicTypeReference@72ecbcb3
2025-01-15T10:00:13.635+07:00 DEBUG 7884 --- [OrderManagement_jOOQ] [           main] org.hibernate.type.BasicTypeRegistry     : Adding type registration java.io.Serializable -> org.hibernate.type.BasicTypeReference@72ecbcb3
2025-01-15T10:00:13.635+07:00 DEBUG 7884 --- [OrderManagement_jOOQ] [           main] org.hibernate.type.BasicTypeRegistry     : Adding type registration timezone -> org.hibernate.type.BasicTypeReference@4a50c746
2025-01-15T10:00:13.635+07:00 DEBUG 7884 --- [OrderManagement_jOOQ] [           main] org.hibernate.type.BasicTypeRegistry     : Adding type registration java.util.TimeZone -> org.hibernate.type.BasicTypeReference@4a50c746
2025-01-15T10:00:13.636+07:00 DEBUG 7884 --- [OrderManagement_jOOQ] [           main] org.hibernate.type.BasicTypeRegistry     : Adding type registration ZoneOffset -> org.hibernate.type.BasicTypeReference@3709748f
2025-01-15T10:00:13.636+07:00 DEBUG 7884 --- [OrderManagement_jOOQ] [           main] org.hibernate.type.BasicTypeRegistry     : Adding type registration java.time.ZoneOffset -> org.hibernate.type.BasicTypeReference@3709748f
2025-01-15T10:00:13.636+07:00 DEBUG 7884 --- [OrderManagement_jOOQ] [           main] org.hibernate.type.BasicTypeRegistry     : Adding type registration url -> org.hibernate.type.BasicTypeReference@79ecc507
2025-01-15T10:00:13.636+07:00 DEBUG 7884 --- [OrderManagement_jOOQ] [           main] org.hibernate.type.BasicTypeRegistry     : Adding type registration java.net.URL -> org.hibernate.type.BasicTypeReference@79ecc507
2025-01-15T10:00:13.636+07:00 DEBUG 7884 --- [OrderManagement_jOOQ] [           main] org.hibernate.type.BasicTypeRegistry     : Adding type registration vector -> org.hibernate.type.BasicTypeReference@6ef2f7ad
2025-01-15T10:00:13.636+07:00 DEBUG 7884 --- [OrderManagement_jOOQ] [           main] org.hibernate.type.BasicTypeRegistry     : Adding type registration row_version -> org.hibernate.type.BasicTypeReference@22d477c2
2025-01-15T10:00:13.645+07:00 DEBUG 7884 --- [OrderManagement_jOOQ] [           main] org.hibernate.type.BasicTypeRegistry     : Adding type registration object -> org.hibernate.type.JavaObjectType@60b5e80d
2025-01-15T10:00:13.646+07:00 DEBUG 7884 --- [OrderManagement_jOOQ] [           main] org.hibernate.type.BasicTypeRegistry     : Adding type registration java.lang.Object -> org.hibernate.type.JavaObjectType@60b5e80d
2025-01-15T10:00:13.648+07:00 DEBUG 7884 --- [OrderManagement_jOOQ] [           main] org.hibernate.type.BasicTypeRegistry     : Adding type registration null -> org.hibernate.type.NullType@797fcf9
2025-01-15T10:00:13.648+07:00 DEBUG 7884 --- [OrderManagement_jOOQ] [           main] org.hibernate.type.BasicTypeRegistry     : Adding type registration imm_date -> org.hibernate.type.BasicTypeReference@16bd7ae1
2025-01-15T10:00:13.649+07:00 DEBUG 7884 --- [OrderManagement_jOOQ] [           main] org.hibernate.type.BasicTypeRegistry     : Adding type registration imm_time -> org.hibernate.type.BasicTypeReference@15d114ce
2025-01-15T10:00:13.649+07:00 DEBUG 7884 --- [OrderManagement_jOOQ] [           main] org.hibernate.type.BasicTypeRegistry     : Adding type registration imm_timestamp -> org.hibernate.type.BasicTypeReference@3312f4f4
2025-01-15T10:00:13.649+07:00 DEBUG 7884 --- [OrderManagement_jOOQ] [           main] org.hibernate.type.BasicTypeRegistry     : Adding type registration imm_calendar -> org.hibernate.type.BasicTypeReference@b5aa65b
2025-01-15T10:00:13.649+07:00 DEBUG 7884 --- [OrderManagement_jOOQ] [           main] org.hibernate.type.BasicTypeRegistry     : Adding type registration imm_calendar_date -> org.hibernate.type.BasicTypeReference@76cdafa3
2025-01-15T10:00:13.649+07:00 DEBUG 7884 --- [OrderManagement_jOOQ] [           main] org.hibernate.type.BasicTypeRegistry     : Adding type registration imm_calendar_time -> org.hibernate.type.BasicTypeReference@6b27b2d0
2025-01-15T10:00:13.649+07:00 DEBUG 7884 --- [OrderManagement_jOOQ] [           main] org.hibernate.type.BasicTypeRegistry     : Adding type registration imm_binary -> org.hibernate.type.BasicTypeReference@4fb64e14
2025-01-15T10:00:13.650+07:00 DEBUG 7884 --- [OrderManagement_jOOQ] [           main] org.hibernate.type.BasicTypeRegistry     : Adding type registration imm_serializable -> org.hibernate.type.BasicTypeReference@118041c7
2025-01-15T10:00:13.658+07:00 DEBUG 7884 --- [OrderManagement_jOOQ] [           main] o.h.boot.internal.BootstrapContextImpl   : Injecting JPA temp ClassLoader [org.springframework.instrument.classloading.SimpleThrowawayClassLoader@28fc1132] into BootstrapContext; was [null]
2025-01-15T10:00:13.660+07:00 DEBUG 7884 --- [OrderManagement_jOOQ] [           main] o.h.boot.internal.ClassLoaderAccessImpl  : ClassLoaderAccessImpl#injectTempClassLoader(org.springframework.instrument.classloading.SimpleThrowawayClassLoader@28fc1132) [was null]
2025-01-15T10:00:13.660+07:00 DEBUG 7884 --- [OrderManagement_jOOQ] [           main] o.h.boot.internal.BootstrapContextImpl   : Injecting ScanEnvironment [org.hibernate.jpa.boot.internal.StandardJpaScanEnvironmentImpl@4b9c411] into BootstrapContext; was [null]
2025-01-15T10:00:13.660+07:00 DEBUG 7884 --- [OrderManagement_jOOQ] [           main] o.h.boot.internal.BootstrapContextImpl   : Injecting ScanOptions [org.hibernate.boot.archive.scan.internal.StandardScanOptions@41e9f86] into BootstrapContext; was [org.hibernate.boot.archive.scan.internal.StandardScanOptions@66f5b8fe]
2025-01-15T10:00:14.169+07:00  INFO 7884 --- [OrderManagement_jOOQ] [           main] o.s.o.j.p.SpringPersistenceUnitInfo      : No LoadTimeWeaver setup: ignoring JPA class transformer
2025-01-15T10:00:14.169+07:00 DEBUG 7884 --- [OrderManagement_jOOQ] [           main] o.h.boot.internal.BootstrapContextImpl   : Injecting JPA temp ClassLoader [null] into BootstrapContext; was [org.springframework.instrument.classloading.SimpleThrowawayClassLoader@28fc1132]
2025-01-15T10:00:14.169+07:00 DEBUG 7884 --- [OrderManagement_jOOQ] [           main] o.h.boot.internal.ClassLoaderAccessImpl  : ClassLoaderAccessImpl#injectTempClassLoader(null) [was org.springframework.instrument.classloading.SimpleThrowawayClassLoader@28fc1132]
2025-01-15T10:00:14.210+07:00 DEBUG 7884 --- [OrderManagement_jOOQ] [           main] com.zaxxer.hikari.HikariConfig           : HikariPool-1 - configuration:
2025-01-15T10:00:14.217+07:00 DEBUG 7884 --- [OrderManagement_jOOQ] [           main] com.zaxxer.hikari.HikariConfig           : allowPoolSuspension.............false
2025-01-15T10:00:14.217+07:00 DEBUG 7884 --- [OrderManagement_jOOQ] [           main] com.zaxxer.hikari.HikariConfig           : autoCommit......................true
2025-01-15T10:00:14.217+07:00 DEBUG 7884 --- [OrderManagement_jOOQ] [           main] com.zaxxer.hikari.HikariConfig           : catalog.........................none
2025-01-15T10:00:14.217+07:00 DEBUG 7884 --- [OrderManagement_jOOQ] [           main] com.zaxxer.hikari.HikariConfig           : connectionInitSql...............none
2025-01-15T10:00:14.218+07:00 DEBUG 7884 --- [OrderManagement_jOOQ] [           main] com.zaxxer.hikari.HikariConfig           : connectionTestQuery.............none
2025-01-15T10:00:14.219+07:00 DEBUG 7884 --- [OrderManagement_jOOQ] [           main] com.zaxxer.hikari.HikariConfig           : connectionTimeout...............30000
2025-01-15T10:00:14.220+07:00 DEBUG 7884 --- [OrderManagement_jOOQ] [           main] com.zaxxer.hikari.HikariConfig           : dataSource......................none
2025-01-15T10:00:14.220+07:00 DEBUG 7884 --- [OrderManagement_jOOQ] [           main] com.zaxxer.hikari.HikariConfig           : dataSourceClassName.............none
2025-01-15T10:00:14.220+07:00 DEBUG 7884 --- [OrderManagement_jOOQ] [           main] com.zaxxer.hikari.HikariConfig           : dataSourceJNDI..................none
2025-01-15T10:00:14.220+07:00 DEBUG 7884 --- [OrderManagement_jOOQ] [           main] com.zaxxer.hikari.HikariConfig           : dataSourceProperties............{password=<masked>}
2025-01-15T10:00:14.221+07:00 DEBUG 7884 --- [OrderManagement_jOOQ] [           main] com.zaxxer.hikari.HikariConfig           : driverClassName................."org.postgresql.Driver"
2025-01-15T10:00:14.221+07:00 DEBUG 7884 --- [OrderManagement_jOOQ] [           main] com.zaxxer.hikari.HikariConfig           : exceptionOverrideClassName......none
2025-01-15T10:00:14.221+07:00 DEBUG 7884 --- [OrderManagement_jOOQ] [           main] com.zaxxer.hikari.HikariConfig           : healthCheckProperties...........{}
2025-01-15T10:00:14.221+07:00 DEBUG 7884 --- [OrderManagement_jOOQ] [           main] com.zaxxer.hikari.HikariConfig           : healthCheckRegistry.............none
2025-01-15T10:00:14.221+07:00 DEBUG 7884 --- [OrderManagement_jOOQ] [           main] com.zaxxer.hikari.HikariConfig           : idleTimeout.....................600000
2025-01-15T10:00:14.222+07:00 DEBUG 7884 --- [OrderManagement_jOOQ] [           main] com.zaxxer.hikari.HikariConfig           : initializationFailTimeout.......1
2025-01-15T10:00:14.223+07:00 DEBUG 7884 --- [OrderManagement_jOOQ] [           main] com.zaxxer.hikari.HikariConfig           : isolateInternalQueries..........false
2025-01-15T10:00:14.223+07:00 DEBUG 7884 --- [OrderManagement_jOOQ] [           main] com.zaxxer.hikari.HikariConfig           : jdbcUrl.........................jdbc:postgresql://127.0.0.1:5432/qlbh__mhsolution
2025-01-15T10:00:14.223+07:00 DEBUG 7884 --- [OrderManagement_jOOQ] [           main] com.zaxxer.hikari.HikariConfig           : keepaliveTime...................0
2025-01-15T10:00:14.223+07:00 DEBUG 7884 --- [OrderManagement_jOOQ] [           main] com.zaxxer.hikari.HikariConfig           : leakDetectionThreshold..........0
2025-01-15T10:00:14.223+07:00 DEBUG 7884 --- [OrderManagement_jOOQ] [           main] com.zaxxer.hikari.HikariConfig           : maxLifetime.....................1800000
2025-01-15T10:00:14.223+07:00 DEBUG 7884 --- [OrderManagement_jOOQ] [           main] com.zaxxer.hikari.HikariConfig           : maximumPoolSize.................10
2025-01-15T10:00:14.223+07:00 DEBUG 7884 --- [OrderManagement_jOOQ] [           main] com.zaxxer.hikari.HikariConfig           : metricRegistry..................none
2025-01-15T10:00:14.223+07:00 DEBUG 7884 --- [OrderManagement_jOOQ] [           main] com.zaxxer.hikari.HikariConfig           : metricsTrackerFactory...........none
2025-01-15T10:00:14.223+07:00 DEBUG 7884 --- [OrderManagement_jOOQ] [           main] com.zaxxer.hikari.HikariConfig           : minimumIdle.....................10
2025-01-15T10:00:14.224+07:00 DEBUG 7884 --- [OrderManagement_jOOQ] [           main] com.zaxxer.hikari.HikariConfig           : password........................<masked>
2025-01-15T10:00:14.225+07:00 DEBUG 7884 --- [OrderManagement_jOOQ] [           main] com.zaxxer.hikari.HikariConfig           : poolName........................"HikariPool-1"
2025-01-15T10:00:14.225+07:00 DEBUG 7884 --- [OrderManagement_jOOQ] [           main] com.zaxxer.hikari.HikariConfig           : readOnly........................false
2025-01-15T10:00:14.225+07:00 DEBUG 7884 --- [OrderManagement_jOOQ] [           main] com.zaxxer.hikari.HikariConfig           : registerMbeans..................false
2025-01-15T10:00:14.225+07:00 DEBUG 7884 --- [OrderManagement_jOOQ] [           main] com.zaxxer.hikari.HikariConfig           : scheduledExecutor...............none
2025-01-15T10:00:14.226+07:00 DEBUG 7884 --- [OrderManagement_jOOQ] [           main] com.zaxxer.hikari.HikariConfig           : schema..........................none
2025-01-15T10:00:14.227+07:00 DEBUG 7884 --- [OrderManagement_jOOQ] [           main] com.zaxxer.hikari.HikariConfig           : threadFactory...................internal
2025-01-15T10:00:14.227+07:00 DEBUG 7884 --- [OrderManagement_jOOQ] [           main] com.zaxxer.hikari.HikariConfig           : transactionIsolation............default
2025-01-15T10:00:14.227+07:00 DEBUG 7884 --- [OrderManagement_jOOQ] [           main] com.zaxxer.hikari.HikariConfig           : username........................"postgres"
2025-01-15T10:00:14.227+07:00 DEBUG 7884 --- [OrderManagement_jOOQ] [           main] com.zaxxer.hikari.HikariConfig           : validationTimeout...............5000
2025-01-15T10:00:14.227+07:00  INFO 7884 --- [OrderManagement_jOOQ] [           main] com.zaxxer.hikari.HikariDataSource       : HikariPool-1 - Starting...
2025-01-15T10:00:14.254+07:00 DEBUG 7884 --- [OrderManagement_jOOQ] [           main] org.postgresql.Driver                    : Loading driver configuration via classloader jdk.internal.loader.ClassLoaders$AppClassLoader@5c647e05
2025-01-15T10:00:14.256+07:00 DEBUG 7884 --- [OrderManagement_jOOQ] [           main] org.postgresql.Driver                    : Connecting with URL: jdbc:postgresql://127.0.0.1:5432/qlbh__mhsolution
2025-01-15T10:00:14.270+07:00 DEBUG 7884 --- [OrderManagement_jOOQ] [           main] org.postgresql.jdbc.PgConnection         : PostgreSQL JDBC Driver 42.7.3
2025-01-15T10:00:14.271+07:00 DEBUG 7884 --- [OrderManagement_jOOQ] [           main] org.postgresql.jdbc.PgConnection         :   setDefaultFetchSize = 0
2025-01-15T10:00:14.272+07:00 DEBUG 7884 --- [OrderManagement_jOOQ] [           main] org.postgresql.jdbc.PgConnection         :   setPrepareThreshold = 5
2025-01-15T10:00:14.279+07:00 DEBUG 7884 --- [OrderManagement_jOOQ] [           main] o.p.core.v3.ConnectionFactoryImpl        : Trying to establish a protocol version 3 connection to 127.0.0.1:5432
2025-01-15T10:00:14.297+07:00 DEBUG 7884 --- [OrderManagement_jOOQ] [           main] o.p.core.v3.ConnectionFactoryImpl        : Receive Buffer Size is 65,536
2025-01-15T10:00:14.297+07:00 DEBUG 7884 --- [OrderManagement_jOOQ] [           main] o.p.core.v3.ConnectionFactoryImpl        : Send Buffer Size is 65,536
2025-01-15T10:00:14.540+07:00  INFO 7884 --- [OrderManagement_jOOQ] [           main] com.zaxxer.hikari.pool.HikariPool        : HikariPool-1 - Added connection org.postgresql.jdbc.PgConnection@30c01c37
2025-01-15T10:00:14.542+07:00  INFO 7884 --- [OrderManagement_jOOQ] [           main] com.zaxxer.hikari.HikariDataSource       : HikariPool-1 - Start completed.
2025-01-15T10:00:14.551+07:00 DEBUG 7884 --- [OrderManagement_jOOQ] [           main] o.h.e.j.e.i.JdbcEnvironmentInitiator     : Database ->
	   name : PostgreSQL
	version : 16.6
	  major : 16
	  minor : 6
2025-01-15T10:00:14.551+07:00 DEBUG 7884 --- [OrderManagement_jOOQ] [           main] o.h.e.j.e.i.JdbcEnvironmentInitiator     : Driver ->
	   name : PostgreSQL JDBC Driver
	version : 42.7.3
	  major : 42
	  minor : 7
2025-01-15T10:00:14.552+07:00 DEBUG 7884 --- [OrderManagement_jOOQ] [           main] o.h.e.j.e.i.JdbcEnvironmentInitiator     : JDBC version : 4.2
2025-01-15T10:00:14.606+07:00  WARN 7884 --- [OrderManagement_jOOQ] [           main] org.hibernate.orm.deprecation            : HHH90000025: PostgreSQLDialect does not need to be specified explicitly using 'hibernate.dialect' (remove the property setting and it will be selected by default)
2025-01-15T10:00:14.611+07:00 DEBUG 7884 --- [OrderManagement_jOOQ] [           main] org.hibernate.orm.dialect                : HHH035001: Using dialect: org.hibernate.dialect.PostgreSQLDialect, version: 16.6
2025-01-15T10:00:14.630+07:00 DEBUG 7884 --- [OrderManagement_jOOQ] [           main] o.h.e.j.env.spi.IdentifierHelperBuilder  : JDBC driver metadata reported database stores quoted identifiers in neither upper, lower nor mixed case
2025-01-15T10:00:14.642+07:00 DEBUG 7884 --- [OrderManagement_jOOQ] [           main] org.hibernate.orm.jdbc.lob               : HHH10010004: Disabling contextual LOB creation as Dialect reported it is not supported
2025-01-15T10:00:14.645+07:00 DEBUG 7884 --- [OrderManagement_jOOQ] [l-1 housekeeper] com.zaxxer.hikari.pool.HikariPool        : HikariPool-1 - Pool stats (total=1, active=1, idle=0, waiting=0)
2025-01-15T10:00:14.646+07:00 DEBUG 7884 --- [OrderManagement_jOOQ] [onnection adder] org.postgresql.Driver                    : Connecting with URL: jdbc:postgresql://127.0.0.1:5432/qlbh__mhsolution
2025-01-15T10:00:14.646+07:00 DEBUG 7884 --- [OrderManagement_jOOQ] [onnection adder] org.postgresql.jdbc.PgConnection         : PostgreSQL JDBC Driver 42.7.3
2025-01-15T10:00:14.646+07:00 DEBUG 7884 --- [OrderManagement_jOOQ] [onnection adder] org.postgresql.jdbc.PgConnection         :   setDefaultFetchSize = 0
2025-01-15T10:00:14.647+07:00 DEBUG 7884 --- [OrderManagement_jOOQ] [onnection adder] org.postgresql.jdbc.PgConnection         :   setPrepareThreshold = 5
2025-01-15T10:00:14.647+07:00 DEBUG 7884 --- [OrderManagement_jOOQ] [onnection adder] o.p.core.v3.ConnectionFactoryImpl        : Trying to establish a protocol version 3 connection to 127.0.0.1:5432
2025-01-15T10:00:14.648+07:00 DEBUG 7884 --- [OrderManagement_jOOQ] [onnection adder] o.p.core.v3.ConnectionFactoryImpl        : Receive Buffer Size is 65,536
2025-01-15T10:00:14.648+07:00 DEBUG 7884 --- [OrderManagement_jOOQ] [onnection adder] o.p.core.v3.ConnectionFactoryImpl        : Send Buffer Size is 65,536
2025-01-15T10:00:14.671+07:00 DEBUG 7884 --- [OrderManagement_jOOQ] [           main] o.h.t.d.sql.spi.DdlTypeRegistry          : addDescriptor(2003, org.hibernate.type.descriptor.sql.internal.ArrayDdlTypeImpl@1f0e2bdc) replaced previous registration(org.hibernate.type.descriptor.sql.internal.ArrayDdlTypeImpl@682266d8)
2025-01-15T10:00:14.673+07:00 DEBUG 7884 --- [OrderManagement_jOOQ] [           main] o.h.t.d.sql.spi.DdlTypeRegistry          : addDescriptor(6, org.hibernate.type.descriptor.sql.internal.CapacityDependentDdlType@44a93f8a) replaced previous registration(org.hibernate.type.descriptor.sql.internal.DdlTypeImpl@26463a6)
2025-01-15T10:00:14.678+07:00 DEBUG 7884 --- [OrderManagement_jOOQ] [           main] o.h.t.d.jdbc.spi.JdbcTypeRegistry        : addDescriptor(2004, BlobTypeDescriptor(BLOB_BINDING)) replaced previous registration(BlobTypeDescriptor(DEFAULT))
2025-01-15T10:00:14.679+07:00 DEBUG 7884 --- [OrderManagement_jOOQ] [           main] o.h.t.d.jdbc.spi.JdbcTypeRegistry        : addDescriptor(2005, ClobTypeDescriptor(CLOB_BINDING)) replaced previous registration(ClobTypeDescriptor(DEFAULT))
2025-01-15T10:00:14.698+07:00 DEBUG 7884 --- [OrderManagement_jOOQ] [           main] org.hibernate.type.BasicTypeRegistry     : Adding type registration JAVA_OBJECT -> org.hibernate.type.JavaObjectType@55638165
2025-01-15T10:00:14.698+07:00 DEBUG 7884 --- [OrderManagement_jOOQ] [           main] org.hibernate.type.BasicTypeRegistry     : Adding type registration java.lang.Object -> org.hibernate.type.JavaObjectType@55638165
2025-01-15T10:00:14.698+07:00 DEBUG 7884 --- [OrderManagement_jOOQ] [           main] org.hibernate.type.BasicTypeRegistry     : Type registration key [java.lang.Object] overrode previous entry : `org.hibernate.type.JavaObjectType@60b5e80d`
2025-01-15T10:00:14.707+07:00 DEBUG 7884 --- [OrderManagement_jOOQ] [           main] org.hibernate.type.BasicTypeRegistry     : Adding type registration org.hibernate.type.DurationType -> basicType@1(java.time.Duration,3015)
2025-01-15T10:00:14.708+07:00 DEBUG 7884 --- [OrderManagement_jOOQ] [           main] org.hibernate.type.BasicTypeRegistry     : Adding type registration Duration -> basicType@1(java.time.Duration,3015)
2025-01-15T10:00:14.708+07:00 DEBUG 7884 --- [OrderManagement_jOOQ] [           main] org.hibernate.type.BasicTypeRegistry     : Adding type registration java.time.Duration -> basicType@1(java.time.Duration,3015)
2025-01-15T10:00:14.714+07:00 DEBUG 7884 --- [OrderManagement_jOOQ] [           main] org.hibernate.type.BasicTypeRegistry     : Adding type registration org.hibernate.type.OffsetDateTimeType -> basicType@2(java.time.OffsetDateTime,3003)
2025-01-15T10:00:14.715+07:00 DEBUG 7884 --- [OrderManagement_jOOQ] [           main] org.hibernate.type.BasicTypeRegistry     : Adding type registration OffsetDateTime -> basicType@2(java.time.OffsetDateTime,3003)
2025-01-15T10:00:14.715+07:00 DEBUG 7884 --- [OrderManagement_jOOQ] [           main] org.hibernate.type.BasicTypeRegistry     : Adding type registration java.time.OffsetDateTime -> basicType@2(java.time.OffsetDateTime,3003)
2025-01-15T10:00:14.716+07:00 DEBUG 7884 --- [OrderManagement_jOOQ] [           main] org.hibernate.type.BasicTypeRegistry     : Adding type registration org.hibernate.type.ZonedDateTimeType -> basicType@3(java.time.ZonedDateTime,3003)
2025-01-15T10:00:14.716+07:00 DEBUG 7884 --- [OrderManagement_jOOQ] [           main] org.hibernate.type.BasicTypeRegistry     : Adding type registration ZonedDateTime -> basicType@3(java.time.ZonedDateTime,3003)
[...]
      Did not match:
         - @ConditionalOnClass did not find required class 'reactor.core.publisher.Mono' (OnClassCondition)

   WebSocketMessagingAutoConfiguration:
      Did not match:
         - @ConditionalOnClass did not find required class 'org.springframework.web.socket.config.annotation.WebSocketMessageBrokerConfigurer' (OnClassCondition)

   WebSocketReactiveAutoConfiguration:
      Did not match:
         - @ConditionalOnWebApplication did not find reactive web application classes (OnWebApplicationCondition)

   WebSocketServletAutoConfiguration.JettyWebSocketConfiguration:
      Did not match:
         - @ConditionalOnClass did not find required class 'org.eclipse.jetty.ee10.websocket.jakarta.server.config.JakartaWebSocketServletContainerInitializer' (OnClassCondition)

   WebSocketServletAutoConfiguration.UndertowWebSocketConfiguration:
      Did not match:
         - @ConditionalOnClass did not find required class 'io.undertow.websockets.jsr.Bootstrap' (OnClassCondition)

   XADataSourceAutoConfiguration:
      Did not match:
         - @ConditionalOnBean (types: org.springframework.boot.jdbc.XADataSourceWrapper; SearchStrategy: all) did not find any beans of type org.springframework.boot.jdbc.XADataSourceWrapper (OnBeanCondition)
      Matched:
         - @ConditionalOnClass found required classes 'javax.sql.DataSource', 'jakarta.transaction.TransactionManager', 'org.springframework.jdbc.datasource.embedded.EmbeddedDatabaseType' (OnClassCondition)


Exclusions:
-----------

    None


Unconditional classes:
----------------------

    org.springframework.boot.autoconfigure.context.ConfigurationPropertiesAutoConfiguration

    org.springframework.boot.autoconfigure.ssl.SslAutoConfiguration

    org.springframework.boot.autoconfigure.context.LifecycleAutoConfiguration

    org.springframework.boot.autoconfigure.context.PropertyPlaceholderAutoConfiguration

    org.springframework.boot.autoconfigure.availability.ApplicationAvailabilityAutoConfiguration

    org.springframework.boot.autoconfigure.info.ProjectInfoAutoConfiguration



2025-01-15T10:00:18.647+07:00  INFO 7884 --- [OrderManagement_jOOQ] [           main] .e.o.OrderManagementJOoqApplicationTests : Started OrderManagementJOoqApplicationTests in 8.726 seconds (process running for 10.257)
2025-01-15T10:00:18.650+07:00 DEBUG 7884 --- [OrderManagement_jOOQ] [           main] o.s.b.a.ApplicationAvailabilityBean      : Application availability state LivenessState changed to CORRECT
2025-01-15T10:00:18.658+07:00 DEBUG 7884 --- [OrderManagement_jOOQ] [           main] o.s.b.a.ApplicationAvailabilityBean      : Application availability state ReadinessState changed to ACCEPTING_TRAFFIC
2025-01-15T10:00:18.663+07:00 DEBUG 7884 --- [OrderManagement_jOOQ] [           main] org.springframework.test.context.cache   : Spring test ApplicationContext cache statistics: [DefaultContextCache@5b407336 size = 1, maxSize = 32, parentContextCount = 0, hitCount = 0, missCount = 1, failureCount = 0]
2025-01-15T10:00:18.667+07:00 DEBUG 7884 --- [OrderManagement_jOOQ] [           main] o.s.t.c.w.ServletTestExecutionListener   : Setting up MockHttpServletRequest, MockHttpServletResponse, ServletWebRequest, and RequestContextHolder for test class org.example.ordermanagement_jooq.OrderManagementJOoqApplicationTests
2025-01-15T10:00:18.705+07:00 DEBUG 7884 --- [OrderManagement_jOOQ] [           main] DependencyInjectionTestExecutionListener : Performing dependency injection for test class org.example.ordermanagement_jooq.OrderManagementJOoqApplicationTests
2025-01-15T10:00:18.705+07:00 DEBUG 7884 --- [OrderManagement_jOOQ] [           main] org.springframework.test.context.cache   : Spring test ApplicationContext cache statistics: [DefaultContextCache@5b407336 size = 1, maxSize = 32, parentContextCount = 0, hitCount = 1, missCount = 1, failureCount = 0]
2025-01-15T10:00:18.709+07:00 DEBUG 7884 --- [OrderManagement_jOOQ] [           main] org.springframework.test.context.cache   : Spring test ApplicationContext cache statistics: [DefaultContextCache@5b407336 size = 1, maxSize = 32, parentContextCount = 0, hitCount = 2, missCount = 1, failureCount = 0]
2025-01-15T10:00:18.724+07:00 DEBUG 7884 --- [OrderManagement_jOOQ] [           main] sContextBeforeModesTestExecutionListener : Before test method: class [OrderManagementJOoqApplicationTests], method [contextLoads], class annotated with @DirtiesContext [false] with mode [null], method annotated with @DirtiesContext [false] with mode [null]
2025-01-15T10:00:18.732+07:00 DEBUG 7884 --- [OrderManagement_jOOQ] [           main] org.springframework.test.context.cache   : Spring test ApplicationContext cache statistics: [DefaultContextCache@5b407336 size = 1, maxSize = 32, parentContextCount = 0, hitCount = 3, missCount = 1, failureCount = 0]
2025-01-15T10:00:18.733+07:00 DEBUG 7884 --- [OrderManagement_jOOQ] [           main] org.springframework.test.context.cache   : Spring test ApplicationContext cache statistics: [DefaultContextCache@5b407336 size = 1, maxSize = 32, parentContextCount = 0, hitCount = 4, missCount = 1, failureCount = 0]
2025-01-15T10:00:18.825+07:00 DEBUG 7884 --- [OrderManagement_jOOQ] [           main] java.lang.ProcessBuilder                 : ProcessBuilder.start(): pid: 17072, dir: null, cmd: "C:\Program Files\Java\jdk-21\bin\java.exe"

java.lang.RuntimeException: ProcessBuilder.start() debug
	at java.base/java.lang.ProcessBuilder.start(ProcessBuilder.java:1147) ~[na:na]
	at java.base/java.lang.ProcessBuilder.start(ProcessBuilder.java:1089) ~[na:na]
	at net.bytebuddy.agent.ByteBuddyAgent.installExternal(ByteBuddyAgent.java:673) ~[byte-buddy-agent-1.14.19.jar:na]
	at net.bytebuddy.agent.ByteBuddyAgent.install(ByteBuddyAgent.java:604) ~[byte-buddy-agent-1.14.19.jar:na]
	at net.bytebuddy.agent.ByteBuddyAgent.install(ByteBuddyAgent.java:584) ~[byte-buddy-agent-1.14.19.jar:na]
	at net.bytebuddy.agent.ByteBuddyAgent.install(ByteBuddyAgent.java:536) ~[byte-buddy-agent-1.14.19.jar:na]
	at net.bytebuddy.agent.ByteBuddyAgent.install(ByteBuddyAgent.java:513) ~[byte-buddy-agent-1.14.19.jar:na]
	at org.mockito.internal.creation.bytebuddy.InlineDelegateByteBuddyMockMaker.<clinit>(InlineDelegateByteBuddyMockMaker.java:133) ~[mockito-core-5.11.0.jar:na]
	at org.mockito.internal.creation.bytebuddy.InlineByteBuddyMockMaker.<init>(InlineByteBuddyMockMaker.java:23) ~[mockito-core-5.11.0.jar:na]
	at java.base/jdk.internal.reflect.DirectConstructorHandleAccessor.newInstance(DirectConstructorHandleAccessor.java:62) ~[na:na]
	at java.base/java.lang.reflect.Constructor.newInstanceWithCaller(Constructor.java:502) ~[na:na]
	at java.base/java.lang.reflect.Constructor.newInstance(Constructor.java:486) ~[na:na]
	at org.mockito.internal.configuration.plugins.DefaultMockitoPlugins.create(DefaultMockitoPlugins.java:103) ~[mockito-core-5.11.0.jar:na]
	at org.mockito.internal.configuration.plugins.DefaultMockitoPlugins.getDefaultPlugin(DefaultMockitoPlugins.java:79) ~[mockito-core-5.11.0.jar:na]
	at org.mockito.internal.configuration.plugins.PluginLoader.loadPlugin(PluginLoader.java:75) ~[mockito-core-5.11.0.jar:na]
	at org.mockito.internal.configuration.plugins.PluginLoader.loadPlugin(PluginLoader.java:49) ~[mockito-core-5.11.0.jar:na]
	at org.mockito.internal.configuration.plugins.PluginRegistry.<init>(PluginRegistry.java:29) ~[mockito-core-5.11.0.jar:na]
	at org.mockito.internal.configuration.plugins.Plugins.<clinit>(Plugins.java:26) ~[mockito-core-5.11.0.jar:na]
	at org.mockito.internal.MockitoCore.<clinit>(MockitoCore.java:71) ~[mockito-core-5.11.0.jar:na]
	at org.mockito.Mockito.<clinit>(Mockito.java:1683) ~[mockito-core-5.11.0.jar:na]
	at org.springframework.boot.test.mock.mockito.MockReset.get(MockReset.java:105) ~[spring-boot-test-3.3.3.jar:3.3.3]
	at org.springframework.boot.test.mock.mockito.ResetMocksTestExecutionListener.resetMocks(ResetMocksTestExecutionListener.java:85) ~[spring-boot-test-3.3.3.jar:3.3.3]
	at org.springframework.boot.test.mock.mockito.ResetMocksTestExecutionListener.resetMocks(ResetMocksTestExecutionListener.java:73) ~[spring-boot-test-3.3.3.jar:3.3.3]
	at org.springframework.boot.test.mock.mockito.ResetMocksTestExecutionListener.beforeTestMethod(ResetMocksTestExecutionListener.java:60) ~[spring-boot-test-3.3.3.jar:3.3.3]
	at org.springframework.test.context.TestContextManager.beforeTestMethod(TestContextManager.java:320) ~[spring-test-6.1.12.jar:6.1.12]
	at org.springframework.test.context.junit.jupiter.SpringExtension.beforeEach(SpringExtension.java:240) ~[spring-test-6.1.12.jar:6.1.12]
	at org.junit.jupiter.engine.descriptor.TestMethodTestDescriptor.lambda$invokeBeforeEachCallbacks$2(TestMethodTestDescriptor.java:167) ~[junit-jupiter-engine-5.10.3.jar:5.10.3]
	at org.junit.jupiter.engine.descriptor.TestMethodTestDescriptor.lambda$invokeBeforeMethodsOrCallbacksUntilExceptionOccurs$6(TestMethodTestDescriptor.java:203) ~[junit-jupiter-engine-5.10.3.jar:5.10.3]
	at org.junit.platform.engine.support.hierarchical.ThrowableCollector.execute(ThrowableCollector.java:73) ~[junit-platform-engine-1.10.3.jar:1.10.3]
	at org.junit.jupiter.engine.descriptor.TestMethodTestDescriptor.invokeBeforeMethodsOrCallbacksUntilExceptionOccurs(TestMethodTestDescriptor.java:203) ~[junit-jupiter-engine-5.10.3.jar:5.10.3]
	at org.junit.jupiter.engine.descriptor.TestMethodTestDescriptor.invokeBeforeEachCallbacks(TestMethodTestDescriptor.java:166) ~[junit-jupiter-engine-5.10.3.jar:5.10.3]
	at org.junit.jupiter.engine.descriptor.TestMethodTestDescriptor.execute(TestMethodTestDescriptor.java:133) ~[junit-jupiter-engine-5.10.3.jar:5.10.3]
	at org.junit.jupiter.engine.descriptor.TestMethodTestDescriptor.execute(TestMethodTestDescriptor.java:69) ~[junit-jupiter-engine-5.10.3.jar:5.10.3]
	at org.junit.platform.engine.support.hierarchical.NodeTestTask.lambda$executeRecursively$6(NodeTestTask.java:151) ~[junit-platform-engine-1.10.3.jar:1.10.3]
	at org.junit.platform.engine.support.hierarchical.ThrowableCollector.execute(ThrowableCollector.java:73) ~[junit-platform-engine-1.10.3.jar:1.10.3]
	at org.junit.platform.engine.support.hierarchical.NodeTestTask.lambda$executeRecursively$8(NodeTestTask.java:141) ~[junit-platform-engine-1.10.3.jar:1.10.3]
	at org.junit.platform.engine.support.hierarchical.Node.around(Node.java:137) ~[junit-platform-engine-1.10.3.jar:1.10.3]
	at org.junit.platform.engine.support.hierarchical.NodeTestTask.lambda$executeRecursively$9(NodeTestTask.java:139) ~[junit-platform-engine-1.10.3.jar:1.10.3]
	at org.junit.platform.engine.support.hierarchical.ThrowableCollector.execute(ThrowableCollector.java:73) ~[junit-platform-engine-1.10.3.jar:1.10.3]
	at org.junit.platform.engine.support.hierarchical.NodeTestTask.executeRecursively(NodeTestTask.java:138) ~[junit-platform-engine-1.10.3.jar:1.10.3]
	at org.junit.platform.engine.support.hierarchical.NodeTestTask.execute(NodeTestTask.java:95) ~[junit-platform-engine-1.10.3.jar:1.10.3]
	at java.base/java.util.ArrayList.forEach(ArrayList.java:1596) ~[na:na]
	at org.junit.platform.engine.support.hierarchical.SameThreadHierarchicalTestExecutorService.invokeAll(SameThreadHierarchicalTestExecutorService.java:41) ~[junit-platform-engine-1.10.3.jar:1.10.3]
	at org.junit.platform.engine.support.hierarchical.NodeTestTask.lambda$executeRecursively$6(NodeTestTask.java:155) ~[junit-platform-engine-1.10.3.jar:1.10.3]
	at org.junit.platform.engine.support.hierarchical.ThrowableCollector.execute(ThrowableCollector.java:73) ~[junit-platform-engine-1.10.3.jar:1.10.3]
	at org.junit.platform.engine.support.hierarchical.NodeTestTask.lambda$executeRecursively$8(NodeTestTask.java:141) ~[junit-platform-engine-1.10.3.jar:1.10.3]
	at org.junit.platform.engine.support.hierarchical.Node.around(Node.java:137) ~[junit-platform-engine-1.10.3.jar:1.10.3]
	at org.junit.platform.engine.support.hierarchical.NodeTestTask.lambda$executeRecursively$9(NodeTestTask.java:139) ~[junit-platform-engine-1.10.3.jar:1.10.3]
	at org.junit.platform.engine.support.hierarchical.ThrowableCollector.execute(ThrowableCollector.java:73) ~[junit-platform-engine-1.10.3.jar:1.10.3]
	at org.junit.platform.engine.support.hierarchical.NodeTestTask.executeRecursively(NodeTestTask.java:138) ~[junit-platform-engine-1.10.3.jar:1.10.3]
	at org.junit.platform.engine.support.hierarchical.NodeTestTask.execute(NodeTestTask.java:95) ~[junit-platform-engine-1.10.3.jar:1.10.3]
	at java.base/java.util.ArrayList.forEach(ArrayList.java:1596) ~[na:na]
	at org.junit.platform.engine.support.hierarchical.SameThreadHierarchicalTestExecutorService.invokeAll(SameThreadHierarchicalTestExecutorService.java:41) ~[junit-platform-engine-1.10.3.jar:1.10.3]
	at org.junit.platform.engine.support.hierarchical.NodeTestTask.lambda$executeRecursively$6(NodeTestTask.java:155) ~[junit-platform-engine-1.10.3.jar:1.10.3]
	at org.junit.platform.engine.support.hierarchical.ThrowableCollector.execute(ThrowableCollector.java:73) ~[junit-platform-engine-1.10.3.jar:1.10.3]
	at org.junit.platform.engine.support.hierarchical.NodeTestTask.lambda$executeRecursively$8(NodeTestTask.java:141) ~[junit-platform-engine-1.10.3.jar:1.10.3]
	at org.junit.platform.engine.support.hierarchical.Node.around(Node.java:137) ~[junit-platform-engine-1.10.3.jar:1.10.3]
	at org.junit.platform.engine.support.hierarchical.NodeTestTask.lambda$executeRecursively$9(NodeTestTask.java:139) ~[junit-platform-engine-1.10.3.jar:1.10.3]
	at org.junit.platform.engine.support.hierarchical.ThrowableCollector.execute(ThrowableCollector.java:73) ~[junit-platform-engine-1.10.3.jar:1.10.3]
	at org.junit.platform.engine.support.hierarchical.NodeTestTask.executeRecursively(NodeTestTask.java:138) ~[junit-platform-engine-1.10.3.jar:1.10.3]
	at org.junit.platform.engine.support.hierarchical.NodeTestTask.execute(NodeTestTask.java:95) ~[junit-platform-engine-1.10.3.jar:1.10.3]
	at org.junit.platform.engine.support.hierarchical.SameThreadHierarchicalTestExecutorService.submit(SameThreadHierarchicalTestExecutorService.java:35) ~[junit-platform-engine-1.10.3.jar:1.10.3]
	at org.junit.platform.engine.support.hierarchical.HierarchicalTestExecutor.execute(HierarchicalTestExecutor.java:57) ~[junit-platform-engine-1.10.3.jar:1.10.3]
	at org.junit.platform.engine.support.hierarchical.HierarchicalTestEngine.execute(HierarchicalTestEngine.java:54) ~[junit-platform-engine-1.10.3.jar:1.10.3]
	at org.junit.platform.launcher.core.EngineExecutionOrchestrator.execute(EngineExecutionOrchestrator.java:198) ~[junit-platform-launcher-1.10.3.jar:1.10.3]
	at org.junit.platform.launcher.core.EngineExecutionOrchestrator.execute(EngineExecutionOrchestrator.java:169) ~[junit-platform-launcher-1.10.3.jar:1.10.3]
	at org.junit.platform.launcher.core.EngineExecutionOrchestrator.execute(EngineExecutionOrchestrator.java:93) ~[junit-platform-launcher-1.10.3.jar:1.10.3]
	at org.junit.platform.launcher.core.EngineExecutionOrchestrator.lambda$execute$0(EngineExecutionOrchestrator.java:58) ~[junit-platform-launcher-1.10.3.jar:1.10.3]
	at org.junit.platform.launcher.core.EngineExecutionOrchestrator.withInterceptedStreams(EngineExecutionOrchestrator.java:141) ~[junit-platform-launcher-1.10.3.jar:1.10.3]
	at org.junit.platform.launcher.core.EngineExecutionOrchestrator.execute(EngineExecutionOrchestrator.java:57) ~[junit-platform-launcher-1.10.3.jar:1.10.3]
	at org.junit.platform.launcher.core.DefaultLauncher.execute(DefaultLauncher.java:103) ~[junit-platform-launcher-1.10.3.jar:1.10.3]
	at org.junit.platform.launcher.core.DefaultLauncher.execute(DefaultLauncher.java:85) ~[junit-platform-launcher-1.10.3.jar:1.10.3]
	at org.junit.platform.launcher.core.DelegatingLauncher.execute(DelegatingLauncher.java:47) ~[junit-platform-launcher-1.10.3.jar:1.10.3]
	at org.apache.maven.surefire.junitplatform.LazyLauncher.execute(LazyLauncher.java:56) ~[surefire-junit-platform-3.2.5.jar:3.2.5]
	at org.apache.maven.surefire.junitplatform.JUnitPlatformProvider.execute(JUnitPlatformProvider.java:184) ~[surefire-junit-platform-3.2.5.jar:3.2.5]
	at org.apache.maven.surefire.junitplatform.JUnitPlatformProvider.invokeAllTests(JUnitPlatformProvider.java:148) ~[surefire-junit-platform-3.2.5.jar:3.2.5]
	at org.apache.maven.surefire.junitplatform.JUnitPlatformProvider.invoke(JUnitPlatformProvider.java:122) ~[surefire-junit-platform-3.2.5.jar:3.2.5]
	at org.apache.maven.surefire.booter.ForkedBooter.runSuitesInProcess(ForkedBooter.java:385) ~[surefire-booter-3.2.5.jar:3.2.5]
	at org.apache.maven.surefire.booter.ForkedBooter.execute(ForkedBooter.java:162) ~[surefire-booter-3.2.5.jar:3.2.5]
	at org.apache.maven.surefire.booter.ForkedBooter.run(ForkedBooter.java:507) ~[surefire-booter-3.2.5.jar:3.2.5]
	at org.apache.maven.surefire.booter.ForkedBooter.main(ForkedBooter.java:495) ~[surefire-booter-3.2.5.jar:3.2.5]

2025-01-15T10:00:19.756+07:00 DEBUG 7884 --- [OrderManagement_jOOQ] [           main] org.springframework.test.context.cache   : Spring test ApplicationContext cache statistics: [DefaultContextCache@5b407336 size = 1, maxSize = 32, parentContextCount = 0, hitCount = 5, missCount = 1, failureCount = 0]
2025-01-15T10:00:19.763+07:00 DEBUG 7884 --- [OrderManagement_jOOQ] [           main] org.springframework.test.context.cache   : Spring test ApplicationContext cache statistics: [DefaultContextCache@5b407336 size = 1, maxSize = 32, parentContextCount = 0, hitCount = 6, missCount = 1, failureCount = 0]
2025-01-15T10:00:19.764+07:00 DEBUG 7884 --- [OrderManagement_jOOQ] [           main] org.springframework.test.context.cache   : Spring test ApplicationContext cache statistics: [DefaultContextCache@5b407336 size = 1, maxSize = 32, parentContextCount = 0, hitCount = 7, missCount = 1, failureCount = 0]
2025-01-15T10:00:19.764+07:00 DEBUG 7884 --- [OrderManagement_jOOQ] [           main] org.springframework.test.context.cache   : Spring test ApplicationContext cache statistics: [DefaultContextCache@5b407336 size = 1, maxSize = 32, parentContextCount = 0, hitCount = 8, missCount = 1, failureCount = 0]
2025-01-15T10:00:19.766+07:00 DEBUG 7884 --- [OrderManagement_jOOQ] [           main] org.springframework.test.context.cache   : Spring test ApplicationContext cache statistics: [DefaultContextCache@5b407336 size = 1, maxSize = 32, parentContextCount = 0, hitCount = 9, missCount = 1, failureCount = 0]
2025-01-15T10:00:19.767+07:00 DEBUG 7884 --- [OrderManagement_jOOQ] [           main] org.springframework.test.context.cache   : Spring test ApplicationContext cache statistics: [DefaultContextCache@5b407336 size = 1, maxSize = 32, parentContextCount = 0, hitCount = 10, missCount = 1, failureCount = 0]
2025-01-15T10:00:19.769+07:00 DEBUG 7884 --- [OrderManagement_jOOQ] [           main] org.springframework.test.context.cache   : Spring test ApplicationContext cache statistics: [DefaultContextCache@5b407336 size = 1, maxSize = 32, parentContextCount = 0, hitCount = 11, missCount = 1, failureCount = 0]
2025-01-15T10:00:19.770+07:00 DEBUG 7884 --- [OrderManagement_jOOQ] [           main] .c.s.DirtiesContextTestExecutionListener : After test method: class [OrderManagementJOoqApplicationTests], method [contextLoads], class annotated with @DirtiesContext [false] with mode [null], method annotated with @DirtiesContext [false] with mode [null]
2025-01-15T10:00:19.771+07:00 DEBUG 7884 --- [OrderManagement_jOOQ] [           main] o.s.t.c.w.ServletTestExecutionListener   : Resetting RequestContextHolder for test class org.example.ordermanagement_jooq.OrderManagementJOoqApplicationTests
]]></system-out>
    <system-err><![CDATA[WARNING: A Java agent has been loaded dynamically (C:\Users\TGDD\.m2\repository\net\bytebuddy\byte-buddy-agent\1.14.19\byte-buddy-agent-1.14.19.jar)
WARNING: If a serviceability tool is in use, please run with -XX:+EnableDynamicAgentLoading to hide this warning
WARNING: If a serviceability tool is not in use, please run with -Djdk.instrument.traceUsage for more information
WARNING: Dynamic loading of agents will be disallowed by default in a future release
]]></system-err>
  </testcase>
</testsuite>